<?xml version="1.0" encoding="utf-8"?>
<test-run id="2" testcasecount="135" result="Failed(Child)" total="135" passed="125" failed="10" inconclusive="0" skipped="0" asserts="0" engine-version="3.5.0.0" clr-version="4.0.30319.42000" start-time="2026-09-16 07:20:20Z" end-time="2026-09-16 07:20:23Z" duration="2.0593761">
  <test-suite type="TestSuite" id="1183" name="PaperGame" fullname="PaperGame" runstate="Runnable" testcasecount="135" result="Failed" site="Child" start-time="2026-09-16 07:20:20Z" end-time="2026-09-16 07:20:23Z" duration="2.059376" total="135" passed="125" failed="10" inconclusive="0" skipped="0" asserts="0">
    <properties />
    <failure>
      <message><![CDATA[One or more child tests had errors]]></message>
    </failure>
    <test-suite type="Assembly" id="1358" name="PaperGame.C1.EditModeTests.dll" fullname="/Users/caizhenyu/Work/AI Work/PaperGame/PaperGame/Library/ScriptAssemblies/PaperGame.C1.EditModeTests.dll" runstate="Runnable" testcasecount="135" result="Failed" site="Child" start-time="2026-09-16 07:20:20Z" end-time="2026-09-16 07:20:23Z" duration="2.051821" total="135" passed="125" failed="10" inconclusive="0" skipped="0" asserts="0">
      <properties>
        <property name="_PID" value="21017" />
        <property name="_APPDOMAIN" value="Unity Child Domain" />
        <property name="platform" value="EditMode" />
      </properties>
      <failure>
        <message><![CDATA[One or more child tests had errors]]></message>
      </failure>
      <test-suite type="TestSuite" id="1359" name="PaperGame" fullname="PaperGame" runstate="Runnable" testcasecount="135" result="Failed" site="Child" start-time="2026-09-16 07:20:20Z" end-time="2026-09-16 07:20:23Z" duration="2.051579" total="135" passed="125" failed="10" inconclusive="0" skipped="0" asserts="0">
        <properties />
        <failure>
          <message><![CDATA[One or more child tests had errors]]></message>
        </failure>
        <test-suite type="TestSuite" id="1360" name="C1" fullname="PaperGame.C1" runstate="Runnable" testcasecount="135" result="Failed" site="Child" start-time="2026-09-16 07:20:20Z" end-time="2026-09-16 07:20:23Z" duration="2.048061" total="135" passed="125" failed="10" inconclusive="0" skipped="0" asserts="0">
          <properties />
          <failure>
            <message><![CDATA[One or more child tests had errors]]></message>
          </failure>
          <test-suite type="TestSuite" id="1361" name="Tests" fullname="PaperGame.C1.Tests" runstate="Runnable" testcasecount="135" result="Failed" site="Child" start-time="2026-09-16 07:20:20Z" end-time="2026-09-16 07:20:23Z" duration="2.044205" total="135" passed="125" failed="10" inconclusive="0" skipped="0" asserts="0">
            <properties />
            <failure>
              <message><![CDATA[One or more child tests had errors]]></message>
            </failure>
            <test-suite type="TestFixture" id="1184" name="C1CameraFramingTests" fullname="PaperGame.C1.Tests.C1CameraFramingTests" classname="PaperGame.C1.Tests.C1CameraFramingTests" runstate="Runnable" testcasecount="3" result="Passed" start-time="2026-09-16 07:20:21Z" end-time="2026-09-16 07:20:21Z" duration="0.014039" total="3" passed="3" failed="0" inconclusive="0" skipped="0" asserts="0">
              <properties />
              <test-case id="1187" name="Calculate_ExplicitCanvasKeepsPaperCenter" fullname="PaperGame.C1.Tests.C1CameraFramingTests.Calculate_ExplicitCanvasKeepsPaperCenter" methodname="Calculate_ExplicitCanvasKeepsPaperCenter" classname="PaperGame.C1.Tests.C1CameraFramingTests" runstate="Runnable" seed="1184367970" result="Passed" start-time="2026-09-16 07:20:21Z" end-time="2026-09-16 07:20:21Z" duration="0.006265" asserts="0">
                <properties />
              </test-case>
              <test-case id="1186" name="Calculate_InvalidAspectUsesSafeFallback" fullname="PaperGame.C1.Tests.C1CameraFramingTests.Calculate_InvalidAspectUsesSafeFallback" methodname="Calculate_InvalidAspectUsesSafeFallback" classname="PaperGame.C1.Tests.C1CameraFramingTests" runstate="Runnable" seed="759286560" result="Passed" start-time="2026-09-16 07:20:21Z" end-time="2026-09-16 07:20:21Z" duration="0.001250" asserts="0">
                <properties />
              </test-case>
              <test-case id="1185" name="Calculate_WideBoundsFitInsideOrthographicView" fullname="PaperGame.C1.Tests.C1CameraFramingTests.Calculate_WideBoundsFitInsideOrthographicView" methodname="Calculate_WideBoundsFitInsideOrthographicView" classname="PaperGame.C1.Tests.C1CameraFramingTests" runstate="Runnable" seed="1423720491" result="Passed" start-time="2026-09-16 07:20:21Z" end-time="2026-09-16 07:20:21Z" duration="0.000159" asserts="0">
                <properties />
              </test-case>
            </test-suite>
            <test-suite type="TestFixture" id="1188" name="C1CharacterAnimatorTests" fullname="PaperGame.C1.Tests.C1CharacterAnimatorTests" classname="PaperGame.C1.Tests.C1CharacterAnimatorTests" runstate="Runnable" testcasecount="5" result="Passed" start-time="2026-09-16 07:20:21Z" end-time="2026-09-16 07:20:21Z" duration="0.006490" total="5" passed="5" failed="0" inconclusive="0" skipped="0" asserts="0">
              <properties />
              <test-suite type="ParameterizedMethod" id="1192" name="ResolveState_UsesGroundedAndHorizontalSpeed" fullname="PaperGame.C1.Tests.C1CharacterAnimatorTests.ResolveState_UsesGroundedAndHorizontalSpeed" classname="PaperGame.C1.Tests.C1CharacterAnimatorTests" runstate="Runnable" testcasecount="3" result="Passed" start-time="2026-09-16 07:20:21Z" end-time="2026-09-16 07:20:21Z" duration="0.005133" total="3" passed="3" failed="0" inconclusive="0" skipped="0" asserts="0">
                <properties />
                <test-case id="1189" name="ResolveState_UsesGroundedAndHorizontalSpeed(False,0.0f,Jump)" fullname="PaperGame.C1.Tests.C1CharacterAnimatorTests.ResolveState_UsesGroundedAndHorizontalSpeed(False,0.0f,Jump)" methodname="ResolveState_UsesGroundedAndHorizontalSpeed" classname="PaperGame.C1.Tests.C1CharacterAnimatorTests" runstate="Runnable" seed="1085655892" result="Passed" start-time="2026-09-16 07:20:21Z" end-time="2026-09-16 07:20:21Z" duration="0.001198" asserts="0">
                  <properties />
                </test-case>
                <test-case id="1190" name="ResolveState_UsesGroundedAndHorizontalSpeed(True,1.0f,Run)" fullname="PaperGame.C1.Tests.C1CharacterAnimatorTests.ResolveState_UsesGroundedAndHorizontalSpeed(True,1.0f,Run)" methodname="ResolveState_UsesGroundedAndHorizontalSpeed" classname="PaperGame.C1.Tests.C1CharacterAnimatorTests" runstate="Runnable" seed="2029577227" result="Passed" start-time="2026-09-16 07:20:21Z" end-time="2026-09-16 07:20:21Z" duration="0.000126" asserts="0">
                  <properties />
                </test-case>
                <test-case id="1191" name="ResolveState_UsesGroundedAndHorizontalSpeed(True,0.0f,Idle)" fullname="PaperGame.C1.Tests.C1CharacterAnimatorTests.ResolveState_UsesGroundedAndHorizontalSpeed(True,0.0f,Idle)" methodname="ResolveState_UsesGroundedAndHorizontalSpeed" classname="PaperGame.C1.Tests.C1CharacterAnimatorTests" runstate="Runnable" seed="191382303" result="Passed" start-time="2026-09-16 07:20:21Z" end-time="2026-09-16 07:20:21Z" duration="0.000077" asserts="0">
                  <properties />
                </test-case>
              </test-suite>
              <test-case id="1193" name="Tick_UsesVelocityToFlipCharacter" fullname="PaperGame.C1.Tests.C1CharacterAnimatorTests.Tick_UsesVelocityToFlipCharacter" methodname="Tick_UsesVelocityToFlipCharacter" classname="PaperGame.C1.Tests.C1CharacterAnimatorTests" runstate="Runnable" seed="1161467978" result="Passed" start-time="2026-09-16 07:20:21Z" end-time="2026-09-16 07:20:21Z" duration="0.000542" asserts="0">
                <properties />
              </test-case>
              <test-case id="1194" name="Tick_WhenCompleted_ReturnsToIdle" fullname="PaperGame.C1.Tests.C1CharacterAnimatorTests.Tick_WhenCompleted_ReturnsToIdle" methodname="Tick_WhenCompleted_ReturnsToIdle" classname="PaperGame.C1.Tests.C1CharacterAnimatorTests" runstate="Runnable" seed="615150499" result="Passed" start-time="2026-09-16 07:20:21Z" end-time="2026-09-16 07:20:21Z" duration="0.000087" asserts="0">
                <properties />
              </test-case>
            </test-suite>
            <test-suite type="TestFixture" id="1195" name="C1CharacterSelectionPrefabTests" fullname="PaperGame.C1.Tests.C1CharacterSelectionPrefabTests" classname="PaperGame.C1.Tests.C1CharacterSelectionPrefabTests" runstate="Runnable" testcasecount="10" result="Passed" start-time="2026-09-16 07:20:21Z" end-time="2026-09-16 07:20:21Z" duration="0.112117" total="10" passed="10" failed="0" inconclusive="0" skipped="0" asserts="0">
              <properties />
              <test-suite type="ParameterizedMethod" id="1200" name="CharacterScreen_DifferentAspectRatiosKeepOneDesignScale" fullname="PaperGame.C1.Tests.C1CharacterSelectionPrefabTests.CharacterScreen_DifferentAspectRatiosKeepOneDesignScale" classname="PaperGame.C1.Tests.C1CharacterSelectionPrefabTests" runstate="Runnable" testcasecount="4" result="Passed" start-time="2026-09-16 07:20:21Z" end-time="2026-09-16 07:20:21Z" duration="0.067751" total="4" passed="4" failed="0" inconclusive="0" skipped="0" asserts="0">
                <properties />
                <test-case id="1196" name="CharacterScreen_DifferentAspectRatiosKeepOneDesignScale(1920,1080)" fullname="PaperGame.C1.Tests.C1CharacterSelectionPrefabTests.CharacterScreen_DifferentAspectRatiosKeepOneDesignScale(1920,1080)" methodname="CharacterScreen_DifferentAspectRatiosKeepOneDesignScale" classname="PaperGame.C1.Tests.C1CharacterSelectionPrefabTests" runstate="Runnable" seed="255617351" result="Passed" start-time="2026-09-16 07:20:21Z" end-time="2026-09-16 07:20:21Z" duration="0.060100" asserts="0">
                  <properties />
                </test-case>
                <test-case id="1197" name="CharacterScreen_DifferentAspectRatiosKeepOneDesignScale(1094,1016)" fullname="PaperGame.C1.Tests.C1CharacterSelectionPrefabTests.CharacterScreen_DifferentAspectRatiosKeepOneDesignScale(1094,1016)" methodname="CharacterScreen_DifferentAspectRatiosKeepOneDesignScale" classname="PaperGame.C1.Tests.C1CharacterSelectionPrefabTests" runstate="Runnable" seed="737652706" result="Passed" start-time="2026-09-16 07:20:21Z" end-time="2026-09-16 07:20:21Z" duration="0.001579" asserts="0">
                  <properties />
                </test-case>
                <test-case id="1198" name="CharacterScreen_DifferentAspectRatiosKeepOneDesignScale(1280,1024)" fullname="PaperGame.C1.Tests.C1CharacterSelectionPrefabTests.CharacterScreen_DifferentAspectRatiosKeepOneDesignScale(1280,1024)" methodname="CharacterScreen_DifferentAspectRatiosKeepOneDesignScale" classname="PaperGame.C1.Tests.C1CharacterSelectionPrefabTests" runstate="Runnable" seed="1769828436" result="Passed" start-time="2026-09-16 07:20:21Z" end-time="2026-09-16 07:20:21Z" duration="0.001234" asserts="0">
                  <properties />
                </test-case>
                <test-case id="1199" name="CharacterScreen_DifferentAspectRatiosKeepOneDesignScale(2560,1080)" fullname="PaperGame.C1.Tests.C1CharacterSelectionPrefabTests.CharacterScreen_DifferentAspectRatiosKeepOneDesignScale(2560,1080)" methodname="CharacterScreen_DifferentAspectRatiosKeepOneDesignScale" classname="PaperGame.C1.Tests.C1CharacterSelectionPrefabTests" runstate="Runnable" seed="1974226525" result="Passed" start-time="2026-09-16 07:20:21Z" end-time="2026-09-16 07:20:21Z" duration="0.001179" asserts="0">
                  <properties />
                </test-case>
              </test-suite>
              <test-case id="1202" name="CharacterScreen_HasSeparateArtAndInteractiveControls" fullname="PaperGame.C1.Tests.C1CharacterSelectionPrefabTests.CharacterScreen_HasSeparateArtAndInteractiveControls" methodname="CharacterScreen_HasSeparateArtAndInteractiveControls" classname="PaperGame.C1.Tests.C1CharacterSelectionPrefabTests" runstate="Runnable" seed="1916404890" result="Passed" start-time="2026-09-16 07:20:21Z" end-time="2026-09-16 07:20:21Z" duration="0.001068" asserts="0">
                <properties />
              </test-case>
              <test-case id="1201" name="CharacterScreen_ResizingKeepsListInsideNotebook" fullname="PaperGame.C1.Tests.C1CharacterSelectionPrefabTests.CharacterScreen_ResizingKeepsListInsideNotebook" methodname="CharacterScreen_ResizingKeepsListInsideNotebook" classname="PaperGame.C1.Tests.C1CharacterSelectionPrefabTests" runstate="Runnable" seed="37274533" result="Passed" start-time="2026-09-16 07:20:21Z" end-time="2026-09-16 07:20:21Z" duration="0.001532" asserts="0">
                <properties />
              </test-case>
              <test-suite type="ParameterizedMethod" id="1205" name="Library_PreservesBothBuiltInCharacters" fullname="PaperGame.C1.Tests.C1CharacterSelectionPrefabTests.Library_PreservesBothBuiltInCharacters" classname="PaperGame.C1.Tests.C1CharacterSelectionPrefabTests" runstate="Runnable" testcasecount="2" result="Passed" start-time="2026-09-16 07:20:21Z" end-time="2026-09-16 07:20:21Z" duration="0.002013" total="2" passed="2" failed="0" inconclusive="0" skipped="0" asserts="0">
                <properties />
                <test-case id="1203" name="Library_PreservesBothBuiltInCharacters(&quot;default&quot;)" fullname="PaperGame.C1.Tests.C1CharacterSelectionPrefabTests.Library_PreservesBothBuiltInCharacters(&quot;default&quot;)" methodname="Library_PreservesBothBuiltInCharacters" classname="PaperGame.C1.Tests.C1CharacterSelectionPrefabTests" runstate="Runnable" seed="1523043674" result="Passed" start-time="2026-09-16 07:20:21Z" end-time="2026-09-16 07:20:21Z" duration="0.001072" asserts="0">
                  <properties />
                </test-case>
                <test-case id="1204" name="Library_PreservesBothBuiltInCharacters(&quot;default-chick&quot;)" fullname="PaperGame.C1.Tests.C1CharacterSelectionPrefabTests.Library_PreservesBothBuiltInCharacters(&quot;default-chick&quot;)" methodname="Library_PreservesBothBuiltInCharacters" classname="PaperGame.C1.Tests.C1CharacterSelectionPrefabTests" runstate="Runnable" seed="1589175739" result="Passed" start-time="2026-09-16 07:20:21Z" end-time="2026-09-16 07:20:21Z" duration="0.000202" asserts="0">
                  <properties />
                </test-case>
              </test-suite>
              <test-suite type="ParameterizedMethod" id="1208" name="Selection_UpdatesPreviewButOnlyConfirmPersists" fullname="PaperGame.C1.Tests.C1CharacterSelectionPrefabTests.Selection_UpdatesPreviewButOnlyConfirmPersists" classname="PaperGame.C1.Tests.C1CharacterSelectionPrefabTests" runstate="Runnable" testcasecount="2" result="Passed" start-time="2026-09-16 07:20:21Z" end-time="2026-09-16 07:20:21Z" duration="0.037938" total="2" passed="2" failed="0" inconclusive="0" skipped="0" asserts="0">
                <properties />
                <test-case id="1206" name="Selection_UpdatesPreviewButOnlyConfirmPersists(True)" fullname="PaperGame.C1.Tests.C1CharacterSelectionPrefabTests.Selection_UpdatesPreviewButOnlyConfirmPersists(True)" methodname="Selection_UpdatesPreviewButOnlyConfirmPersists" classname="PaperGame.C1.Tests.C1CharacterSelectionPrefabTests" runstate="Runnable" seed="684661779" result="Passed" start-time="2026-09-16 07:20:21Z" end-time="2026-09-16 07:20:21Z" duration="0.029864" asserts="0">
                  <properties />
                  <output><![CDATA[[RefreshList] Starting, list=valid, browsingId=default, cache entries=0
[RefreshList] priorityId=default, total characters=2
[AddRow] id=default, title=独眼小绿, sprite=green-thumbnail, enabled=True
[AddRow] id=default-chick, title=披风小鸡, sprite=chick-thumbnail, enabled=True
[RefreshList] Done, created 2 rows
[RefreshList] Starting, list=valid, browsingId=default-chick, cache entries=0
[RefreshList] priorityId=default, total characters=2
[AddRow] id=default, title=独眼小绿, sprite=green-thumbnail, enabled=True
[AddRow] id=default-chick, title=披风小鸡, sprite=chick-thumbnail, enabled=True
[RefreshList] Done, created 2 rows
[RefreshList] Starting, list=valid, browsingId=default-chick, cache entries=0
[RefreshList] priorityId=default-chick, total characters=2
[AddRow] id=default-chick, title=披风小鸡, sprite=chick-thumbnail, enabled=True
[AddRow] id=default, title=独眼小绿, sprite=green-thumbnail, enabled=True
[RefreshList] Done, created 2 rows
]]></output>
                </test-case>
                <test-case id="1207" name="Selection_UpdatesPreviewButOnlyConfirmPersists(False)" fullname="PaperGame.C1.Tests.C1CharacterSelectionPrefabTests.Selection_UpdatesPreviewButOnlyConfirmPersists(False)" methodname="Selection_UpdatesPreviewButOnlyConfirmPersists" classname="PaperGame.C1.Tests.C1CharacterSelectionPrefabTests" runstate="Runnable" seed="424209326" result="Passed" start-time="2026-09-16 07:20:21Z" end-time="2026-09-16 07:20:21Z" duration="0.005397" asserts="0">
                  <properties />
                  <output><![CDATA[[RefreshList] Starting, list=valid, browsingId=default, cache entries=0
[RefreshList] priorityId=default, total characters=2
[AddRow] id=default, title=独眼小绿, sprite=green-thumbnail, enabled=True
[AddRow] id=default-chick, title=披风小鸡, sprite=chick-thumbnail, enabled=True
[RefreshList] Done, created 2 rows
[RefreshList] Starting, list=valid, browsingId=default-chick, cache entries=0
[RefreshList] priorityId=default, total characters=2
[AddRow] id=default, title=独眼小绿, sprite=green-thumbnail, enabled=True
[AddRow] id=default-chick, title=披风小鸡, sprite=chick-thumbnail, enabled=True
[RefreshList] Done, created 2 rows
]]></output>
                </test-case>
              </test-suite>
            </test-suite>
            <test-suite type="TestFixture" id="1209" name="C1CharacterServiceTests" fullname="PaperGame.C1.Tests.C1CharacterServiceTests" classname="PaperGame.C1.Tests.C1CharacterServiceTests" runstate="Runnable" testcasecount="6" result="Failed" site="Child" start-time="2026-09-16 07:20:21Z" end-time="2026-09-16 07:20:22Z" duration="1.109416" total="6" passed="5" failed="1" inconclusive="0" skipped="0" asserts="0">
              <properties />
              <failure>
                <message><![CDATA[One or more child tests had errors]]></message>
              </failure>
              <test-case id="1210" name="DefaultBaseUrl_UsesProjectWebGlSettings" fullname="PaperGame.C1.Tests.C1CharacterServiceTests.DefaultBaseUrl_UsesProjectWebGlSettings" methodname="DefaultBaseUrl_UsesProjectWebGlSettings" classname="PaperGame.C1.Tests.C1CharacterServiceTests" runstate="Runnable" seed="1724516078" result="Failed" start-time="2026-09-16 07:20:21Z" end-time="2026-09-16 07:20:21Z" duration="0.002791" asserts="0">
                <properties />
                <failure>
                  <message><![CDATA[  Expected string length 18 but was 24. Strings differ at index 4.
  Expected: "http://scjjysd.xyz"
  But was:  "https://scjjysd.xyz:8443"
  ---------------^
]]></message>
                  <stack-trace><![CDATA[at PaperGame.C1.Tests.C1CharacterServiceTests.DefaultBaseUrl_UsesProjectWebGlSettings () [0x00013] in /Users/caizhenyu/Work/AI Work/PaperGame/PaperGame/Assets/Tests/EditMode/C1CharacterServiceTests.cs:22
]]></stack-trace>
                </failure>
              </test-case>
              <test-case id="1211" name="HttpWorkflow_UploadsFilePollsAndDownloadsBothSheets" fullname="PaperGame.C1.Tests.C1CharacterServiceTests.HttpWorkflow_UploadsFilePollsAndDownloadsBothSheets" methodname="HttpWorkflow_UploadsFilePollsAndDownloadsBothSheets" classname="PaperGame.C1.Tests.C1CharacterServiceTests" runstate="Runnable" seed="1955988349" result="Passed" start-time="2026-09-16 07:20:21Z" end-time="2026-09-16 07:20:22Z" duration="1.104403" asserts="0">
                <properties>
                  <property name="_JOINTYPE" value="UnityCombinatorial" />
                </properties>
                <output><![CDATA[[C1Service] Upload → POST http://127.0.0.1:60985/v1/characters (81 bytes, image/png, force=False)
[C1Service] Upload ← HTTP 202 result=Success
[C1Service] Upload response: {"jobId":"char_test"}
[C1Service] Upload accepted: jobId=char_test
[C1Service] Poll → GET http://127.0.0.1:60985/v1/characters/char_test
[C1Service] Poll #1 ← HTTP 200 status=processing body={"status":"processing"}
[C1Service] Poll #2 ← HTTP 200 status=ready body={"status":"ready","characterId":"char_test","animations":{"run":{"spriteSheetUrl":"/artifacts/char_test/run.png","frameCount":3,"fps":15,"frameWidth":4,"frameHeight":8,"footAnchor":{"x":2,"y":8}},"jump":{"spriteSheetUrl":"/artifacts/char_test/jump.png","frameCount":3,"fps":15,"frameWidth":4,"frameHeight":8,"footAnchor":{"x":2,"y":8}}}}
[C1Service] Poll ready: jobId=char_test
[C1Service] Download → run=/artifacts/char_test/run.png jump=/artifacts/char_test/jump.png
[C1Service] Download run → GET http://127.0.0.1:60985/artifacts/char_test/run.png
[C1Service] Download run ← HTTP 200 result=Success
[C1Service] Download run ok: 3 frames, 12x8
[C1Service] Download jump → GET http://127.0.0.1:60985/artifacts/char_test/jump.png
[C1Service] Download jump ← HTTP 200 result=Success
[C1Service] Download jump ok: 3 frames, 12x8
[C1Service] Download complete: jobId=
]]></output>
              </test-case>
              <test-case id="1215" name="LibraryJson_PreservesSelectedAndPendingJobs" fullname="PaperGame.C1.Tests.C1CharacterServiceTests.LibraryJson_PreservesSelectedAndPendingJobs" methodname="LibraryJson_PreservesSelectedAndPendingJobs" classname="PaperGame.C1.Tests.C1CharacterServiceTests" runstate="Runnable" seed="268560235" result="Passed" start-time="2026-09-16 07:20:22Z" end-time="2026-09-16 07:20:22Z" duration="0.000221" asserts="0">
                <properties />
              </test-case>
              <test-case id="1212" name="ReadyContract_ParsesBothAnimationsWithoutDictionary" fullname="PaperGame.C1.Tests.C1CharacterServiceTests.ReadyContract_ParsesBothAnimationsWithoutDictionary" methodname="ReadyContract_ParsesBothAnimationsWithoutDictionary" classname="PaperGame.C1.Tests.C1CharacterServiceTests" runstate="Runnable" seed="1177320985" result="Passed" start-time="2026-09-16 07:20:22Z" end-time="2026-09-16 07:20:22Z" duration="0.000066" asserts="0">
                <properties />
              </test-case>
              <test-case id="1214" name="Slice_RejectsMismatchedSheetDimensions" fullname="PaperGame.C1.Tests.C1CharacterServiceTests.Slice_RejectsMismatchedSheetDimensions" methodname="Slice_RejectsMismatchedSheetDimensions" classname="PaperGame.C1.Tests.C1CharacterServiceTests" runstate="Runnable" seed="1790253153" result="Passed" start-time="2026-09-16 07:20:22Z" end-time="2026-09-16 07:20:22Z" duration="0.000520" asserts="0">
                <properties />
              </test-case>
              <test-case id="1213" name="Slice_UsesHorizontalFramesAndTopDownFootAnchor" fullname="PaperGame.C1.Tests.C1CharacterServiceTests.Slice_UsesHorizontalFramesAndTopDownFootAnchor" methodname="Slice_UsesHorizontalFramesAndTopDownFootAnchor" classname="PaperGame.C1.Tests.C1CharacterServiceTests" runstate="Runnable" seed="1319428952" result="Passed" start-time="2026-09-16 07:20:22Z" end-time="2026-09-16 07:20:22Z" duration="0.000367" asserts="0">
                <properties />
              </test-case>
            </test-suite>
            <test-suite type="TestFixture" id="1216" name="C1CoverBackgroundTests" fullname="PaperGame.C1.Tests.C1CoverBackgroundTests" classname="PaperGame.C1.Tests.C1CoverBackgroundTests" runstate="Runnable" testcasecount="3" result="Passed" start-time="2026-09-16 07:20:22Z" end-time="2026-09-16 07:20:22Z" duration="0.006613" total="3" passed="3" failed="0" inconclusive="0" skipped="0" asserts="0">
              <properties />
              <test-suite type="ParameterizedMethod" id="1220" name="CalculateSize_CoversParentWithoutChangingAspect" fullname="PaperGame.C1.Tests.C1CoverBackgroundTests.CalculateSize_CoversParentWithoutChangingAspect" classname="PaperGame.C1.Tests.C1CoverBackgroundTests" runstate="Runnable" testcasecount="3" result="Passed" start-time="2026-09-16 07:20:22Z" end-time="2026-09-16 07:20:22Z" duration="0.004025" total="3" passed="3" failed="0" inconclusive="0" skipped="0" asserts="0">
                <properties />
                <test-case id="1217" name="CalculateSize_CoversParentWithoutChangingAspect(1672.0f,941.0f,1280.0f,720.0f)" fullname="PaperGame.C1.Tests.C1CoverBackgroundTests.CalculateSize_CoversParentWithoutChangingAspect(1672.0f,941.0f,1280.0f,720.0f)" methodname="CalculateSize_CoversParentWithoutChangingAspect" classname="PaperGame.C1.Tests.C1CoverBackgroundTests" runstate="Runnable" seed="261362406" result="Passed" start-time="2026-09-16 07:20:22Z" end-time="2026-09-16 07:20:22Z" duration="0.000209" asserts="0">
                  <properties />
                </test-case>
                <test-case id="1218" name="CalculateSize_CoversParentWithoutChangingAspect(1672.0f,941.0f,2532.0f,1170.0f)" fullname="PaperGame.C1.Tests.C1CoverBackgroundTests.CalculateSize_CoversParentWithoutChangingAspect(1672.0f,941.0f,2532.0f,1170.0f)" methodname="CalculateSize_CoversParentWithoutChangingAspect" classname="PaperGame.C1.Tests.C1CoverBackgroundTests" runstate="Runnable" seed="134123926" result="Passed" start-time="2026-09-16 07:20:22Z" end-time="2026-09-16 07:20:22Z" duration="0.000030" asserts="0">
                  <properties />
                </test-case>
                <test-case id="1219" name="CalculateSize_CoversParentWithoutChangingAspect(1672.0f,941.0f,810.0f,1440.0f)" fullname="PaperGame.C1.Tests.C1CoverBackgroundTests.CalculateSize_CoversParentWithoutChangingAspect(1672.0f,941.0f,810.0f,1440.0f)" methodname="CalculateSize_CoversParentWithoutChangingAspect" classname="PaperGame.C1.Tests.C1CoverBackgroundTests" runstate="Runnable" seed="1692294728" result="Passed" start-time="2026-09-16 07:20:22Z" end-time="2026-09-16 07:20:22Z" duration="0.000027" asserts="0">
                  <properties />
                </test-case>
              </test-suite>
            </test-suite>
            <test-suite type="TestFixture" id="1221" name="C1DefaultCharacterAtlasTests" fullname="PaperGame.C1.Tests.C1DefaultCharacterAtlasTests" classname="PaperGame.C1.Tests.C1DefaultCharacterAtlasTests" runstate="Runnable" testcasecount="10" result="Passed" start-time="2026-09-16 07:20:22Z" end-time="2026-09-16 07:20:22Z" duration="0.017503" total="10" passed="10" failed="0" inconclusive="0" skipped="0" asserts="0">
              <properties />
              <test-suite type="ParameterizedMethod" id="1234" name="ApplyingBuiltInCharacter_UsesRealAnimationFrames" fullname="PaperGame.C1.Tests.C1DefaultCharacterAtlasTests.ApplyingBuiltInCharacter_UsesRealAnimationFrames" classname="PaperGame.C1.Tests.C1DefaultCharacterAtlasTests" runstate="Runnable" testcasecount="2" result="Passed" start-time="2026-09-16 07:20:22Z" end-time="2026-09-16 07:20:22Z" duration="0.005122" total="2" passed="2" failed="0" inconclusive="0" skipped="0" asserts="0">
                <properties />
                <test-case id="1232" name="ApplyingBuiltInCharacter_UsesRealAnimationFrames(&quot;default&quot;)" fullname="PaperGame.C1.Tests.C1DefaultCharacterAtlasTests.ApplyingBuiltInCharacter_UsesRealAnimationFrames(&quot;default&quot;)" methodname="ApplyingBuiltInCharacter_UsesRealAnimationFrames" classname="PaperGame.C1.Tests.C1DefaultCharacterAtlasTests" runstate="Runnable" seed="1227353493" result="Passed" start-time="2026-09-16 07:20:22Z" end-time="2026-09-16 07:20:22Z" duration="0.001342" asserts="0">
                  <properties />
                </test-case>
                <test-case id="1233" name="ApplyingBuiltInCharacter_UsesRealAnimationFrames(&quot;default-chick&quot;)" fullname="PaperGame.C1.Tests.C1DefaultCharacterAtlasTests.ApplyingBuiltInCharacter_UsesRealAnimationFrames(&quot;default-chick&quot;)" methodname="ApplyingBuiltInCharacter_UsesRealAnimationFrames" classname="PaperGame.C1.Tests.C1DefaultCharacterAtlasTests" runstate="Runnable" seed="97828770" result="Passed" start-time="2026-09-16 07:20:22Z" end-time="2026-09-16 07:20:22Z" duration="0.000113" asserts="0">
                  <properties />
                </test-case>
              </test-suite>
              <test-suite type="ParameterizedMethod" id="1231" name="BuiltInCharacter_UsesBalancedVisualAndCollisionSize" fullname="PaperGame.C1.Tests.C1DefaultCharacterAtlasTests.BuiltInCharacter_UsesBalancedVisualAndCollisionSize" classname="PaperGame.C1.Tests.C1DefaultCharacterAtlasTests" runstate="Runnable" testcasecount="2" result="Passed" start-time="2026-09-16 07:20:22Z" end-time="2026-09-16 07:20:22Z" duration="0.003000" total="2" passed="2" failed="0" inconclusive="0" skipped="0" asserts="0">
                <properties />
                <test-case id="1229" name="BuiltInCharacter_UsesBalancedVisualAndCollisionSize(&quot;default&quot;)" fullname="PaperGame.C1.Tests.C1DefaultCharacterAtlasTests.BuiltInCharacter_UsesBalancedVisualAndCollisionSize(&quot;default&quot;)" methodname="BuiltInCharacter_UsesBalancedVisualAndCollisionSize" classname="PaperGame.C1.Tests.C1DefaultCharacterAtlasTests" runstate="Runnable" seed="149370551" result="Passed" start-time="2026-09-16 07:20:22Z" end-time="2026-09-16 07:20:22Z" duration="0.000353" asserts="0">
                  <properties />
                </test-case>
                <test-case id="1230" name="BuiltInCharacter_UsesBalancedVisualAndCollisionSize(&quot;default-chick&quot;)" fullname="PaperGame.C1.Tests.C1DefaultCharacterAtlasTests.BuiltInCharacter_UsesBalancedVisualAndCollisionSize(&quot;default-chick&quot;)" methodname="BuiltInCharacter_UsesBalancedVisualAndCollisionSize" classname="PaperGame.C1.Tests.C1DefaultCharacterAtlasTests" runstate="Runnable" seed="1565389234" result="Passed" start-time="2026-09-16 07:20:22Z" end-time="2026-09-16 07:20:22Z" duration="0.000087" asserts="0">
                  <properties />
                </test-case>
              </test-suite>
              <test-suite type="ParameterizedMethod" id="1228" name="DefaultAtlases_UseEightEqualFramesAndOneFootPivot" fullname="PaperGame.C1.Tests.C1DefaultCharacterAtlasTests.DefaultAtlases_UseEightEqualFramesAndOneFootPivot" classname="PaperGame.C1.Tests.C1DefaultCharacterAtlasTests" runstate="Runnable" testcasecount="6" result="Passed" start-time="2026-09-16 07:20:22Z" end-time="2026-09-16 07:20:22Z" duration="0.004549" total="6" passed="6" failed="0" inconclusive="0" skipped="0" asserts="0">
                <properties />
                <test-case id="1222" name="DefaultAtlases_UseEightEqualFramesAndOneFootPivot(&quot;green&quot;,&quot;idle&quot;)" fullname="PaperGame.C1.Tests.C1DefaultCharacterAtlasTests.DefaultAtlases_UseEightEqualFramesAndOneFootPivot(&quot;green&quot;,&quot;idle&quot;)" methodname="DefaultAtlases_UseEightEqualFramesAndOneFootPivot" classname="PaperGame.C1.Tests.C1DefaultCharacterAtlasTests" runstate="Runnable" seed="827558626" result="Passed" start-time="2026-09-16 07:20:22Z" end-time="2026-09-16 07:20:22Z" duration="0.000249" asserts="0">
                  <properties />
                </test-case>
                <test-case id="1223" name="DefaultAtlases_UseEightEqualFramesAndOneFootPivot(&quot;green&quot;,&quot;run&quot;)" fullname="PaperGame.C1.Tests.C1DefaultCharacterAtlasTests.DefaultAtlases_UseEightEqualFramesAndOneFootPivot(&quot;green&quot;,&quot;run&quot;)" methodname="DefaultAtlases_UseEightEqualFramesAndOneFootPivot" classname="PaperGame.C1.Tests.C1DefaultCharacterAtlasTests" runstate="Runnable" seed="1144334471" result="Passed" start-time="2026-09-16 07:20:22Z" end-time="2026-09-16 07:20:22Z" duration="0.000090" asserts="0">
                  <properties />
                </test-case>
                <test-case id="1224" name="DefaultAtlases_UseEightEqualFramesAndOneFootPivot(&quot;green&quot;,&quot;jump&quot;)" fullname="PaperGame.C1.Tests.C1DefaultCharacterAtlasTests.DefaultAtlases_UseEightEqualFramesAndOneFootPivot(&quot;green&quot;,&quot;jump&quot;)" methodname="DefaultAtlases_UseEightEqualFramesAndOneFootPivot" classname="PaperGame.C1.Tests.C1DefaultCharacterAtlasTests" runstate="Runnable" seed="1630936980" result="Passed" start-time="2026-09-16 07:20:22Z" end-time="2026-09-16 07:20:22Z" duration="0.000089" asserts="0">
                  <properties />
                </test-case>
                <test-case id="1225" name="DefaultAtlases_UseEightEqualFramesAndOneFootPivot(&quot;chick&quot;,&quot;idle&quot;)" fullname="PaperGame.C1.Tests.C1DefaultCharacterAtlasTests.DefaultAtlases_UseEightEqualFramesAndOneFootPivot(&quot;chick&quot;,&quot;idle&quot;)" methodname="DefaultAtlases_UseEightEqualFramesAndOneFootPivot" classname="PaperGame.C1.Tests.C1DefaultCharacterAtlasTests" runstate="Runnable" seed="1122207764" result="Passed" start-time="2026-09-16 07:20:22Z" end-time="2026-09-16 07:20:22Z" duration="0.000087" asserts="0">
                  <properties />
                </test-case>
                <test-case id="1226" name="DefaultAtlases_UseEightEqualFramesAndOneFootPivot(&quot;chick&quot;,&quot;run&quot;)" fullname="PaperGame.C1.Tests.C1DefaultCharacterAtlasTests.DefaultAtlases_UseEightEqualFramesAndOneFootPivot(&quot;chick&quot;,&quot;run&quot;)" methodname="DefaultAtlases_UseEightEqualFramesAndOneFootPivot" classname="PaperGame.C1.Tests.C1DefaultCharacterAtlasTests" runstate="Runnable" seed="1999997034" result="Passed" start-time="2026-09-16 07:20:22Z" end-time="2026-09-16 07:20:22Z" duration="0.000094" asserts="0">
                  <properties />
                </test-case>
                <test-case id="1227" name="DefaultAtlases_UseEightEqualFramesAndOneFootPivot(&quot;chick&quot;,&quot;jump&quot;)" fullname="PaperGame.C1.Tests.C1DefaultCharacterAtlasTests.DefaultAtlases_UseEightEqualFramesAndOneFootPivot(&quot;chick&quot;,&quot;jump&quot;)" methodname="DefaultAtlases_UseEightEqualFramesAndOneFootPivot" classname="PaperGame.C1.Tests.C1DefaultCharacterAtlasTests" runstate="Runnable" seed="675549788" result="Passed" start-time="2026-09-16 07:20:22Z" end-time="2026-09-16 07:20:22Z" duration="0.000090" asserts="0">
                  <properties />
                </test-case>
              </test-suite>
            </test-suite>
            <test-suite type="TestFixture" id="1235" name="C1GameBootstrapTests" fullname="PaperGame.C1.Tests.C1GameBootstrapTests" classname="PaperGame.C1.Tests.C1GameBootstrapTests" runstate="Runnable" testcasecount="21" result="Failed" site="Child" start-time="2026-09-16 07:20:22Z" end-time="2026-09-16 07:20:22Z" duration="0.591949" total="21" passed="15" failed="6" inconclusive="0" skipped="0" asserts="0">
              <properties />
              <failure>
                <message><![CDATA[One or more child tests had errors]]></message>
              </failure>
              <test-case id="1248" name="ApplyRemoteCharacter_ReplacesDynamicAnimatorFrames" fullname="PaperGame.C1.Tests.C1GameBootstrapTests.ApplyRemoteCharacter_ReplacesDynamicAnimatorFrames" methodname="ApplyRemoteCharacter_ReplacesDynamicAnimatorFrames" classname="PaperGame.C1.Tests.C1GameBootstrapTests" runstate="Runnable" seed="1868672213" result="Passed" start-time="2026-09-16 07:20:22Z" end-time="2026-09-16 07:20:22Z" duration="0.040270" asserts="0">
                <properties />
                <output><![CDATA[[C1Level] Loaded Resources/C1Levels/level1.json
{"jobId":"level_e082137a5a3f","status":"ready","message":"解析完成，可以开始关卡。","statusUrl":"https://scjjysd.xyz:8443/v1/levels/level_e082137a5a3f","viewUrl":"https://scjjysd.xyz:8443/v1/levels/level_e082137a5a3f/view","schemaVersion":"1.0","algorithmVersion":"level-parser-1.0.0","createdAt":"2026-09-15T17:11:37Z","updatedAt":"2026-09-15T17:11:38Z","result":{"level":{"schemaVersion":"1.0","coordinateSystem":{"origin":"top_left","xAxis":"right","yAxis":"down","unit":"pixel"},"canvas":{"width":900,"height":560},"background":{"imageUrl":"https://scjjysd.xyz:8443/artifacts/level_e082137a5a3f/rectified.png","contentType":"image/png","width":900,"height":560,"sha256":"4ce6211dc4d67371c9beaee02c51ffa655ed95a23c38f8097daa7a53b56a64c2"},"playerStart":{"x":150,"y":184,"source":"detected","confidence":0.9},"platforms":[],"walls":[],"blocks":[{"id":"block_001","region":{"x":18,"y":315,"width":229,"height":30,"confidence":0.85}},{"id":"block_002","region":{"x":20,"y":414,"width":32,"height":30,"confidence":0.85}},{"id":"block_003","region":{"x":20,"y":444,"width":184,"height":33,"confidence":0.85}},{"id":"block_004","region":{"x":28,"y":45,"width":250,"height":24,"confidence":0.85}},{"id":"block_005","region":{"x":113,"y":188,"width":265,"height":20,"confidence":0.85}},{"id":"block_006","region":{"x":239,"y":446,"width":279,"height":19,"confidence":0.85}},{"id":"block_007","region":{"x":245,"y":146,"width":68,"height":21,"confidence":0.85}},{"id":"block_008","region":{"x":339,"y":106,"width":457,"height":22,"confidence":0.85}},{"id":"block_009","region":{"x":358,"y":365,"width":256,"height":25,"confidence":0.85}},{"id":"block_010","region":{"x":394,"y":237,"width":198,"height":26,"confidence":0.85}},{"id":"block_011","region":{"x":597,"y":285,"width":143,"height":33,"confidence":0.85}},{"id":"block_012","region":{"x":707,"y":238,"width":33,"height":47,"confidence":0.85}},{"id":"block_013","region":{"x":816,"y":111,"width":48,"height":12,"confidence":0.85}}],"goalRegion":{"x":812,"y":65,"width":42,"height":63,"confidence":0.9}},"analysis":{"playability":"not_checked","profile":{"profileVersion":"unity-c1-default-1","maxJumpRisePixels":55,"maxJumpDistancePixels":146,"characterWidthPixels":32,"characterHeightPixels":52,"landingTolerancePixels":3},"startPlatformId":null,"goalPlatformId":null,"path":[],"warnings":[]},"artifacts":{"inputUrl":"https://scjjysd.xyz:8443/artifacts/level_e082137a5a3f/input.png","rectifiedImageUrl":"https://scjjysd.xyz:8443/artifacts/level_e082137a5a3f/rectified.png","overlayImageUrl":"https://scjjysd.xyz:8443/artifacts/level_e082137a5a3f/overlay.png","levelJsonUrl":"https://scjjysd.xyz:8443/artifacts/level_e082137a5a3f/level.json","analysisJsonUrl":"https://scjjysd.xyz:8443/artifacts/level_e082137a5a3f/analysis.json"}}}
]]></output>
              </test-case>
              <test-case id="1236" name="Build_BlockOnlyLevelPreservesEmptyConcaveCorner" fullname="PaperGame.C1.Tests.C1GameBootstrapTests.Build_BlockOnlyLevelPreservesEmptyConcaveCorner" methodname="Build_BlockOnlyLevelPreservesEmptyConcaveCorner" classname="PaperGame.C1.Tests.C1GameBootstrapTests" runstate="Runnable" seed="2006708195" result="Passed" start-time="2026-09-16 07:20:22Z" end-time="2026-09-16 07:20:22Z" duration="0.025432" asserts="0">
                <properties />
                <output><![CDATA[[C1Level] Loaded Resources/C1Levels/level1.json
{"jobId":"level_e082137a5a3f","status":"ready","message":"解析完成，可以开始关卡。","statusUrl":"https://scjjysd.xyz:8443/v1/levels/level_e082137a5a3f","viewUrl":"https://scjjysd.xyz:8443/v1/levels/level_e082137a5a3f/view","schemaVersion":"1.0","algorithmVersion":"level-parser-1.0.0","createdAt":"2026-09-15T17:11:37Z","updatedAt":"2026-09-15T17:11:38Z","result":{"level":{"schemaVersion":"1.0","coordinateSystem":{"origin":"top_left","xAxis":"right","yAxis":"down","unit":"pixel"},"canvas":{"width":900,"height":560},"background":{"imageUrl":"https://scjjysd.xyz:8443/artifacts/level_e082137a5a3f/rectified.png","contentType":"image/png","width":900,"height":560,"sha256":"4ce6211dc4d67371c9beaee02c51ffa655ed95a23c38f8097daa7a53b56a64c2"},"playerStart":{"x":150,"y":184,"source":"detected","confidence":0.9},"platforms":[],"walls":[],"blocks":[{"id":"block_001","region":{"x":18,"y":315,"width":229,"height":30,"confidence":0.85}},{"id":"block_002","region":{"x":20,"y":414,"width":32,"height":30,"confidence":0.85}},{"id":"block_003","region":{"x":20,"y":444,"width":184,"height":33,"confidence":0.85}},{"id":"block_004","region":{"x":28,"y":45,"width":250,"height":24,"confidence":0.85}},{"id":"block_005","region":{"x":113,"y":188,"width":265,"height":20,"confidence":0.85}},{"id":"block_006","region":{"x":239,"y":446,"width":279,"height":19,"confidence":0.85}},{"id":"block_007","region":{"x":245,"y":146,"width":68,"height":21,"confidence":0.85}},{"id":"block_008","region":{"x":339,"y":106,"width":457,"height":22,"confidence":0.85}},{"id":"block_009","region":{"x":358,"y":365,"width":256,"height":25,"confidence":0.85}},{"id":"block_010","region":{"x":394,"y":237,"width":198,"height":26,"confidence":0.85}},{"id":"block_011","region":{"x":597,"y":285,"width":143,"height":33,"confidence":0.85}},{"id":"block_012","region":{"x":707,"y":238,"width":33,"height":47,"confidence":0.85}},{"id":"block_013","region":{"x":816,"y":111,"width":48,"height":12,"confidence":0.85}}],"goalRegion":{"x":812,"y":65,"width":42,"height":63,"confidence":0.9}},"analysis":{"playability":"not_checked","profile":{"profileVersion":"unity-c1-default-1","maxJumpRisePixels":55,"maxJumpDistancePixels":146,"characterWidthPixels":32,"characterHeightPixels":52,"landingTolerancePixels":3},"startPlatformId":null,"goalPlatformId":null,"path":[],"warnings":[]},"artifacts":{"inputUrl":"https://scjjysd.xyz:8443/artifacts/level_e082137a5a3f/input.png","rectifiedImageUrl":"https://scjjysd.xyz:8443/artifacts/level_e082137a5a3f/rectified.png","overlayImageUrl":"https://scjjysd.xyz:8443/artifacts/level_e082137a5a3f/overlay.png","levelJsonUrl":"https://scjjysd.xyz:8443/artifacts/level_e082137a5a3f/level.json","analysisJsonUrl":"https://scjjysd.xyz:8443/artifacts/level_e082137a5a3f/analysis.json"}}}
]]></output>
              </test-case>
              <test-case id="1238" name="Build_BlocksUsePixelRectangleWithInvisibleSolidColliders" fullname="PaperGame.C1.Tests.C1GameBootstrapTests.Build_BlocksUsePixelRectangleWithInvisibleSolidColliders" methodname="Build_BlocksUsePixelRectangleWithInvisibleSolidColliders" classname="PaperGame.C1.Tests.C1GameBootstrapTests" runstate="Runnable" seed="288859143" result="Passed" start-time="2026-09-16 07:20:22Z" end-time="2026-09-16 07:20:22Z" duration="0.024421" asserts="0">
                <properties />
                <output><![CDATA[[C1Level] Loaded Resources/C1Levels/level1.json
{"jobId":"level_e082137a5a3f","status":"ready","message":"解析完成，可以开始关卡。","statusUrl":"https://scjjysd.xyz:8443/v1/levels/level_e082137a5a3f","viewUrl":"https://scjjysd.xyz:8443/v1/levels/level_e082137a5a3f/view","schemaVersion":"1.0","algorithmVersion":"level-parser-1.0.0","createdAt":"2026-09-15T17:11:37Z","updatedAt":"2026-09-15T17:11:38Z","result":{"level":{"schemaVersion":"1.0","coordinateSystem":{"origin":"top_left","xAxis":"right","yAxis":"down","unit":"pixel"},"canvas":{"width":900,"height":560},"background":{"imageUrl":"https://scjjysd.xyz:8443/artifacts/level_e082137a5a3f/rectified.png","contentType":"image/png","width":900,"height":560,"sha256":"4ce6211dc4d67371c9beaee02c51ffa655ed95a23c38f8097daa7a53b56a64c2"},"playerStart":{"x":150,"y":184,"source":"detected","confidence":0.9},"platforms":[],"walls":[],"blocks":[{"id":"block_001","region":{"x":18,"y":315,"width":229,"height":30,"confidence":0.85}},{"id":"block_002","region":{"x":20,"y":414,"width":32,"height":30,"confidence":0.85}},{"id":"block_003","region":{"x":20,"y":444,"width":184,"height":33,"confidence":0.85}},{"id":"block_004","region":{"x":28,"y":45,"width":250,"height":24,"confidence":0.85}},{"id":"block_005","region":{"x":113,"y":188,"width":265,"height":20,"confidence":0.85}},{"id":"block_006","region":{"x":239,"y":446,"width":279,"height":19,"confidence":0.85}},{"id":"block_007","region":{"x":245,"y":146,"width":68,"height":21,"confidence":0.85}},{"id":"block_008","region":{"x":339,"y":106,"width":457,"height":22,"confidence":0.85}},{"id":"block_009","region":{"x":358,"y":365,"width":256,"height":25,"confidence":0.85}},{"id":"block_010","region":{"x":394,"y":237,"width":198,"height":26,"confidence":0.85}},{"id":"block_011","region":{"x":597,"y":285,"width":143,"height":33,"confidence":0.85}},{"id":"block_012","region":{"x":707,"y":238,"width":33,"height":47,"confidence":0.85}},{"id":"block_013","region":{"x":816,"y":111,"width":48,"height":12,"confidence":0.85}}],"goalRegion":{"x":812,"y":65,"width":42,"height":63,"confidence":0.9}},"analysis":{"playability":"not_checked","profile":{"profileVersion":"unity-c1-default-1","maxJumpRisePixels":55,"maxJumpDistancePixels":146,"characterWidthPixels":32,"characterHeightPixels":52,"landingTolerancePixels":3},"startPlatformId":null,"goalPlatformId":null,"path":[],"warnings":[]},"artifacts":{"inputUrl":"https://scjjysd.xyz:8443/artifacts/level_e082137a5a3f/input.png","rectifiedImageUrl":"https://scjjysd.xyz:8443/artifacts/level_e082137a5a3f/rectified.png","overlayImageUrl":"https://scjjysd.xyz:8443/artifacts/level_e082137a5a3f/overlay.png","levelJsonUrl":"https://scjjysd.xyz:8443/artifacts/level_e082137a5a3f/level.json","analysisJsonUrl":"https://scjjysd.xyz:8443/artifacts/level_e082137a5a3f/analysis.json"}}}
]]></output>
              </test-case>
              <test-case id="1254" name="Build_CharacterVisualLoadsOfficialBuiltInCharacter" fullname="PaperGame.C1.Tests.C1GameBootstrapTests.Build_CharacterVisualLoadsOfficialBuiltInCharacter" methodname="Build_CharacterVisualLoadsOfficialBuiltInCharacter" classname="PaperGame.C1.Tests.C1GameBootstrapTests" runstate="Runnable" seed="2054334824" result="Passed" start-time="2026-09-16 07:20:22Z" end-time="2026-09-16 07:20:22Z" duration="0.023694" asserts="0">
                <properties />
                <output><![CDATA[[C1Level] Loaded Resources/C1Levels/level1.json
{"jobId":"level_e082137a5a3f","status":"ready","message":"解析完成，可以开始关卡。","statusUrl":"https://scjjysd.xyz:8443/v1/levels/level_e082137a5a3f","viewUrl":"https://scjjysd.xyz:8443/v1/levels/level_e082137a5a3f/view","schemaVersion":"1.0","algorithmVersion":"level-parser-1.0.0","createdAt":"2026-09-15T17:11:37Z","updatedAt":"2026-09-15T17:11:38Z","result":{"level":{"schemaVersion":"1.0","coordinateSystem":{"origin":"top_left","xAxis":"right","yAxis":"down","unit":"pixel"},"canvas":{"width":900,"height":560},"background":{"imageUrl":"https://scjjysd.xyz:8443/artifacts/level_e082137a5a3f/rectified.png","contentType":"image/png","width":900,"height":560,"sha256":"4ce6211dc4d67371c9beaee02c51ffa655ed95a23c38f8097daa7a53b56a64c2"},"playerStart":{"x":150,"y":184,"source":"detected","confidence":0.9},"platforms":[],"walls":[],"blocks":[{"id":"block_001","region":{"x":18,"y":315,"width":229,"height":30,"confidence":0.85}},{"id":"block_002","region":{"x":20,"y":414,"width":32,"height":30,"confidence":0.85}},{"id":"block_003","region":{"x":20,"y":444,"width":184,"height":33,"confidence":0.85}},{"id":"block_004","region":{"x":28,"y":45,"width":250,"height":24,"confidence":0.85}},{"id":"block_005","region":{"x":113,"y":188,"width":265,"height":20,"confidence":0.85}},{"id":"block_006","region":{"x":239,"y":446,"width":279,"height":19,"confidence":0.85}},{"id":"block_007","region":{"x":245,"y":146,"width":68,"height":21,"confidence":0.85}},{"id":"block_008","region":{"x":339,"y":106,"width":457,"height":22,"confidence":0.85}},{"id":"block_009","region":{"x":358,"y":365,"width":256,"height":25,"confidence":0.85}},{"id":"block_010","region":{"x":394,"y":237,"width":198,"height":26,"confidence":0.85}},{"id":"block_011","region":{"x":597,"y":285,"width":143,"height":33,"confidence":0.85}},{"id":"block_012","region":{"x":707,"y":238,"width":33,"height":47,"confidence":0.85}},{"id":"block_013","region":{"x":816,"y":111,"width":48,"height":12,"confidence":0.85}}],"goalRegion":{"x":812,"y":65,"width":42,"height":63,"confidence":0.9}},"analysis":{"playability":"not_checked","profile":{"profileVersion":"unity-c1-default-1","maxJumpRisePixels":55,"maxJumpDistancePixels":146,"characterWidthPixels":32,"characterHeightPixels":52,"landingTolerancePixels":3},"startPlatformId":null,"goalPlatformId":null,"path":[],"warnings":[]},"artifacts":{"inputUrl":"https://scjjysd.xyz:8443/artifacts/level_e082137a5a3f/input.png","rectifiedImageUrl":"https://scjjysd.xyz:8443/artifacts/level_e082137a5a3f/rectified.png","overlayImageUrl":"https://scjjysd.xyz:8443/artifacts/level_e082137a5a3f/overlay.png","levelJsonUrl":"https://scjjysd.xyz:8443/artifacts/level_e082137a5a3f/level.json","analysisJsonUrl":"https://scjjysd.xyz:8443/artifacts/level_e082137a5a3f/analysis.json"}}}
]]></output>
              </test-case>
              <test-case id="1250" name="Build_CreatesFormalGameHudWithoutTemporaryDebugControls" fullname="PaperGame.C1.Tests.C1GameBootstrapTests.Build_CreatesFormalGameHudWithoutTemporaryDebugControls" methodname="Build_CreatesFormalGameHudWithoutTemporaryDebugControls" classname="PaperGame.C1.Tests.C1GameBootstrapTests" runstate="Runnable" seed="230582688" result="Passed" start-time="2026-09-16 07:20:22Z" end-time="2026-09-16 07:20:22Z" duration="0.023564" asserts="0">
                <properties />
                <output><![CDATA[[C1Level] Loaded Resources/C1Levels/level1.json
{"jobId":"level_e082137a5a3f","status":"ready","message":"解析完成，可以开始关卡。","statusUrl":"https://scjjysd.xyz:8443/v1/levels/level_e082137a5a3f","viewUrl":"https://scjjysd.xyz:8443/v1/levels/level_e082137a5a3f/view","schemaVersion":"1.0","algorithmVersion":"level-parser-1.0.0","createdAt":"2026-09-15T17:11:37Z","updatedAt":"2026-09-15T17:11:38Z","result":{"level":{"schemaVersion":"1.0","coordinateSystem":{"origin":"top_left","xAxis":"right","yAxis":"down","unit":"pixel"},"canvas":{"width":900,"height":560},"background":{"imageUrl":"https://scjjysd.xyz:8443/artifacts/level_e082137a5a3f/rectified.png","contentType":"image/png","width":900,"height":560,"sha256":"4ce6211dc4d67371c9beaee02c51ffa655ed95a23c38f8097daa7a53b56a64c2"},"playerStart":{"x":150,"y":184,"source":"detected","confidence":0.9},"platforms":[],"walls":[],"blocks":[{"id":"block_001","region":{"x":18,"y":315,"width":229,"height":30,"confidence":0.85}},{"id":"block_002","region":{"x":20,"y":414,"width":32,"height":30,"confidence":0.85}},{"id":"block_003","region":{"x":20,"y":444,"width":184,"height":33,"confidence":0.85}},{"id":"block_004","region":{"x":28,"y":45,"width":250,"height":24,"confidence":0.85}},{"id":"block_005","region":{"x":113,"y":188,"width":265,"height":20,"confidence":0.85}},{"id":"block_006","region":{"x":239,"y":446,"width":279,"height":19,"confidence":0.85}},{"id":"block_007","region":{"x":245,"y":146,"width":68,"height":21,"confidence":0.85}},{"id":"block_008","region":{"x":339,"y":106,"width":457,"height":22,"confidence":0.85}},{"id":"block_009","region":{"x":358,"y":365,"width":256,"height":25,"confidence":0.85}},{"id":"block_010","region":{"x":394,"y":237,"width":198,"height":26,"confidence":0.85}},{"id":"block_011","region":{"x":597,"y":285,"width":143,"height":33,"confidence":0.85}},{"id":"block_012","region":{"x":707,"y":238,"width":33,"height":47,"confidence":0.85}},{"id":"block_013","region":{"x":816,"y":111,"width":48,"height":12,"confidence":0.85}}],"goalRegion":{"x":812,"y":65,"width":42,"height":63,"confidence":0.9}},"analysis":{"playability":"not_checked","profile":{"profileVersion":"unity-c1-default-1","maxJumpRisePixels":55,"maxJumpDistancePixels":146,"characterWidthPixels":32,"characterHeightPixels":52,"landingTolerancePixels":3},"startPlatformId":null,"goalPlatformId":null,"path":[],"warnings":[]},"artifacts":{"inputUrl":"https://scjjysd.xyz:8443/artifacts/level_e082137a5a3f/input.png","rectifiedImageUrl":"https://scjjysd.xyz:8443/artifacts/level_e082137a5a3f/rectified.png","overlayImageUrl":"https://scjjysd.xyz:8443/artifacts/level_e082137a5a3f/overlay.png","levelJsonUrl":"https://scjjysd.xyz:8443/artifacts/level_e082137a5a3f/level.json","analysisJsonUrl":"https://scjjysd.xyz:8443/artifacts/level_e082137a5a3f/analysis.json"}}}
]]></output>
              </test-case>
              <test-case id="1244" name="Build_CreatesHudWithHiddenCompletionPanel" fullname="PaperGame.C1.Tests.C1GameBootstrapTests.Build_CreatesHudWithHiddenCompletionPanel" methodname="Build_CreatesHudWithHiddenCompletionPanel" classname="PaperGame.C1.Tests.C1GameBootstrapTests" runstate="Runnable" seed="64711142" result="Passed" start-time="2026-09-16 07:20:22Z" end-time="2026-09-16 07:20:22Z" duration="0.023396" asserts="0">
                <properties />
                <output><![CDATA[[C1Level] Loaded Resources/C1Levels/level1.json
{"jobId":"level_e082137a5a3f","status":"ready","message":"解析完成，可以开始关卡。","statusUrl":"https://scjjysd.xyz:8443/v1/levels/level_e082137a5a3f","viewUrl":"https://scjjysd.xyz:8443/v1/levels/level_e082137a5a3f/view","schemaVersion":"1.0","algorithmVersion":"level-parser-1.0.0","createdAt":"2026-09-15T17:11:37Z","updatedAt":"2026-09-15T17:11:38Z","result":{"level":{"schemaVersion":"1.0","coordinateSystem":{"origin":"top_left","xAxis":"right","yAxis":"down","unit":"pixel"},"canvas":{"width":900,"height":560},"background":{"imageUrl":"https://scjjysd.xyz:8443/artifacts/level_e082137a5a3f/rectified.png","contentType":"image/png","width":900,"height":560,"sha256":"4ce6211dc4d67371c9beaee02c51ffa655ed95a23c38f8097daa7a53b56a64c2"},"playerStart":{"x":150,"y":184,"source":"detected","confidence":0.9},"platforms":[],"walls":[],"blocks":[{"id":"block_001","region":{"x":18,"y":315,"width":229,"height":30,"confidence":0.85}},{"id":"block_002","region":{"x":20,"y":414,"width":32,"height":30,"confidence":0.85}},{"id":"block_003","region":{"x":20,"y":444,"width":184,"height":33,"confidence":0.85}},{"id":"block_004","region":{"x":28,"y":45,"width":250,"height":24,"confidence":0.85}},{"id":"block_005","region":{"x":113,"y":188,"width":265,"height":20,"confidence":0.85}},{"id":"block_006","region":{"x":239,"y":446,"width":279,"height":19,"confidence":0.85}},{"id":"block_007","region":{"x":245,"y":146,"width":68,"height":21,"confidence":0.85}},{"id":"block_008","region":{"x":339,"y":106,"width":457,"height":22,"confidence":0.85}},{"id":"block_009","region":{"x":358,"y":365,"width":256,"height":25,"confidence":0.85}},{"id":"block_010","region":{"x":394,"y":237,"width":198,"height":26,"confidence":0.85}},{"id":"block_011","region":{"x":597,"y":285,"width":143,"height":33,"confidence":0.85}},{"id":"block_012","region":{"x":707,"y":238,"width":33,"height":47,"confidence":0.85}},{"id":"block_013","region":{"x":816,"y":111,"width":48,"height":12,"confidence":0.85}}],"goalRegion":{"x":812,"y":65,"width":42,"height":63,"confidence":0.9}},"analysis":{"playability":"not_checked","profile":{"profileVersion":"unity-c1-default-1","maxJumpRisePixels":55,"maxJumpDistancePixels":146,"characterWidthPixels":32,"characterHeightPixels":52,"landingTolerancePixels":3},"startPlatformId":null,"goalPlatformId":null,"path":[],"warnings":[]},"artifacts":{"inputUrl":"https://scjjysd.xyz:8443/artifacts/level_e082137a5a3f/input.png","rectifiedImageUrl":"https://scjjysd.xyz:8443/artifacts/level_e082137a5a3f/rectified.png","overlayImageUrl":"https://scjjysd.xyz:8443/artifacts/level_e082137a5a3f/overlay.png","levelJsonUrl":"https://scjjysd.xyz:8443/artifacts/level_e082137a5a3f/level.json","analysisJsonUrl":"https://scjjysd.xyz:8443/artifacts/level_e082137a5a3f/analysis.json"}}}
]]></output>
              </test-case>
              <test-case id="1255" name="Build_CreatesScreenBoundsAlignedWithViewEdges" fullname="PaperGame.C1.Tests.C1GameBootstrapTests.Build_CreatesScreenBoundsAlignedWithViewEdges" methodname="Build_CreatesScreenBoundsAlignedWithViewEdges" classname="PaperGame.C1.Tests.C1GameBootstrapTests" runstate="Runnable" seed="110334866" result="Passed" start-time="2026-09-16 07:20:22Z" end-time="2026-09-16 07:20:22Z" duration="0.023453" asserts="0">
                <properties />
                <output><![CDATA[[C1Level] Loaded Resources/C1Levels/level1.json
{"jobId":"level_e082137a5a3f","status":"ready","message":"解析完成，可以开始关卡。","statusUrl":"https://scjjysd.xyz:8443/v1/levels/level_e082137a5a3f","viewUrl":"https://scjjysd.xyz:8443/v1/levels/level_e082137a5a3f/view","schemaVersion":"1.0","algorithmVersion":"level-parser-1.0.0","createdAt":"2026-09-15T17:11:37Z","updatedAt":"2026-09-15T17:11:38Z","result":{"level":{"schemaVersion":"1.0","coordinateSystem":{"origin":"top_left","xAxis":"right","yAxis":"down","unit":"pixel"},"canvas":{"width":900,"height":560},"background":{"imageUrl":"https://scjjysd.xyz:8443/artifacts/level_e082137a5a3f/rectified.png","contentType":"image/png","width":900,"height":560,"sha256":"4ce6211dc4d67371c9beaee02c51ffa655ed95a23c38f8097daa7a53b56a64c2"},"playerStart":{"x":150,"y":184,"source":"detected","confidence":0.9},"platforms":[],"walls":[],"blocks":[{"id":"block_001","region":{"x":18,"y":315,"width":229,"height":30,"confidence":0.85}},{"id":"block_002","region":{"x":20,"y":414,"width":32,"height":30,"confidence":0.85}},{"id":"block_003","region":{"x":20,"y":444,"width":184,"height":33,"confidence":0.85}},{"id":"block_004","region":{"x":28,"y":45,"width":250,"height":24,"confidence":0.85}},{"id":"block_005","region":{"x":113,"y":188,"width":265,"height":20,"confidence":0.85}},{"id":"block_006","region":{"x":239,"y":446,"width":279,"height":19,"confidence":0.85}},{"id":"block_007","region":{"x":245,"y":146,"width":68,"height":21,"confidence":0.85}},{"id":"block_008","region":{"x":339,"y":106,"width":457,"height":22,"confidence":0.85}},{"id":"block_009","region":{"x":358,"y":365,"width":256,"height":25,"confidence":0.85}},{"id":"block_010","region":{"x":394,"y":237,"width":198,"height":26,"confidence":0.85}},{"id":"block_011","region":{"x":597,"y":285,"width":143,"height":33,"confidence":0.85}},{"id":"block_012","region":{"x":707,"y":238,"width":33,"height":47,"confidence":0.85}},{"id":"block_013","region":{"x":816,"y":111,"width":48,"height":12,"confidence":0.85}}],"goalRegion":{"x":812,"y":65,"width":42,"height":63,"confidence":0.9}},"analysis":{"playability":"not_checked","profile":{"profileVersion":"unity-c1-default-1","maxJumpRisePixels":55,"maxJumpDistancePixels":146,"characterWidthPixels":32,"characterHeightPixels":52,"landingTolerancePixels":3},"startPlatformId":null,"goalPlatformId":null,"path":[],"warnings":[]},"artifacts":{"inputUrl":"https://scjjysd.xyz:8443/artifacts/level_e082137a5a3f/input.png","rectifiedImageUrl":"https://scjjysd.xyz:8443/artifacts/level_e082137a5a3f/rectified.png","overlayImageUrl":"https://scjjysd.xyz:8443/artifacts/level_e082137a5a3f/overlay.png","levelJsonUrl":"https://scjjysd.xyz:8443/artifacts/level_e082137a5a3f/level.json","analysisJsonUrl":"https://scjjysd.xyz:8443/artifacts/level_e082137a5a3f/analysis.json"}}}
]]></output>
              </test-case>
              <test-case id="1251" name="Build_DoesNotCreateMobileOrientationHint" fullname="PaperGame.C1.Tests.C1GameBootstrapTests.Build_DoesNotCreateMobileOrientationHint" methodname="Build_DoesNotCreateMobileOrientationHint" classname="PaperGame.C1.Tests.C1GameBootstrapTests" runstate="Runnable" seed="1389417243" result="Passed" start-time="2026-09-16 07:20:22Z" end-time="2026-09-16 07:20:22Z" duration="0.023658" asserts="0">
                <properties />
                <output><![CDATA[[C1Level] Loaded Resources/C1Levels/level1.json
{"jobId":"level_e082137a5a3f","status":"ready","message":"解析完成，可以开始关卡。","statusUrl":"https://scjjysd.xyz:8443/v1/levels/level_e082137a5a3f","viewUrl":"https://scjjysd.xyz:8443/v1/levels/level_e082137a5a3f/view","schemaVersion":"1.0","algorithmVersion":"level-parser-1.0.0","createdAt":"2026-09-15T17:11:37Z","updatedAt":"2026-09-15T17:11:38Z","result":{"level":{"schemaVersion":"1.0","coordinateSystem":{"origin":"top_left","xAxis":"right","yAxis":"down","unit":"pixel"},"canvas":{"width":900,"height":560},"background":{"imageUrl":"https://scjjysd.xyz:8443/artifacts/level_e082137a5a3f/rectified.png","contentType":"image/png","width":900,"height":560,"sha256":"4ce6211dc4d67371c9beaee02c51ffa655ed95a23c38f8097daa7a53b56a64c2"},"playerStart":{"x":150,"y":184,"source":"detected","confidence":0.9},"platforms":[],"walls":[],"blocks":[{"id":"block_001","region":{"x":18,"y":315,"width":229,"height":30,"confidence":0.85}},{"id":"block_002","region":{"x":20,"y":414,"width":32,"height":30,"confidence":0.85}},{"id":"block_003","region":{"x":20,"y":444,"width":184,"height":33,"confidence":0.85}},{"id":"block_004","region":{"x":28,"y":45,"width":250,"height":24,"confidence":0.85}},{"id":"block_005","region":{"x":113,"y":188,"width":265,"height":20,"confidence":0.85}},{"id":"block_006","region":{"x":239,"y":446,"width":279,"height":19,"confidence":0.85}},{"id":"block_007","region":{"x":245,"y":146,"width":68,"height":21,"confidence":0.85}},{"id":"block_008","region":{"x":339,"y":106,"width":457,"height":22,"confidence":0.85}},{"id":"block_009","region":{"x":358,"y":365,"width":256,"height":25,"confidence":0.85}},{"id":"block_010","region":{"x":394,"y":237,"width":198,"height":26,"confidence":0.85}},{"id":"block_011","region":{"x":597,"y":285,"width":143,"height":33,"confidence":0.85}},{"id":"block_012","region":{"x":707,"y":238,"width":33,"height":47,"confidence":0.85}},{"id":"block_013","region":{"x":816,"y":111,"width":48,"height":12,"confidence":0.85}}],"goalRegion":{"x":812,"y":65,"width":42,"height":63,"confidence":0.9}},"analysis":{"playability":"not_checked","profile":{"profileVersion":"unity-c1-default-1","maxJumpRisePixels":55,"maxJumpDistancePixels":146,"characterWidthPixels":32,"characterHeightPixels":52,"landingTolerancePixels":3},"startPlatformId":null,"goalPlatformId":null,"path":[],"warnings":[]},"artifacts":{"inputUrl":"https://scjjysd.xyz:8443/artifacts/level_e082137a5a3f/input.png","rectifiedImageUrl":"https://scjjysd.xyz:8443/artifacts/level_e082137a5a3f/rectified.png","overlayImageUrl":"https://scjjysd.xyz:8443/artifacts/level_e082137a5a3f/overlay.png","levelJsonUrl":"https://scjjysd.xyz:8443/artifacts/level_e082137a5a3f/level.json","analysisJsonUrl":"https://scjjysd.xyz:8443/artifacts/level_e082137a5a3f/analysis.json"}}}
]]></output>
              </test-case>
              <test-case id="1252" name="Build_DoesNotExposePlaytestTuningPanelInFormalHud" fullname="PaperGame.C1.Tests.C1GameBootstrapTests.Build_DoesNotExposePlaytestTuningPanelInFormalHud" methodname="Build_DoesNotExposePlaytestTuningPanelInFormalHud" classname="PaperGame.C1.Tests.C1GameBootstrapTests" runstate="Runnable" seed="1925235968" result="Passed" start-time="2026-09-16 07:20:22Z" end-time="2026-09-16 07:20:22Z" duration="0.023380" asserts="0">
                <properties />
                <output><![CDATA[[C1Level] Loaded Resources/C1Levels/level1.json
{"jobId":"level_e082137a5a3f","status":"ready","message":"解析完成，可以开始关卡。","statusUrl":"https://scjjysd.xyz:8443/v1/levels/level_e082137a5a3f","viewUrl":"https://scjjysd.xyz:8443/v1/levels/level_e082137a5a3f/view","schemaVersion":"1.0","algorithmVersion":"level-parser-1.0.0","createdAt":"2026-09-15T17:11:37Z","updatedAt":"2026-09-15T17:11:38Z","result":{"level":{"schemaVersion":"1.0","coordinateSystem":{"origin":"top_left","xAxis":"right","yAxis":"down","unit":"pixel"},"canvas":{"width":900,"height":560},"background":{"imageUrl":"https://scjjysd.xyz:8443/artifacts/level_e082137a5a3f/rectified.png","contentType":"image/png","width":900,"height":560,"sha256":"4ce6211dc4d67371c9beaee02c51ffa655ed95a23c38f8097daa7a53b56a64c2"},"playerStart":{"x":150,"y":184,"source":"detected","confidence":0.9},"platforms":[],"walls":[],"blocks":[{"id":"block_001","region":{"x":18,"y":315,"width":229,"height":30,"confidence":0.85}},{"id":"block_002","region":{"x":20,"y":414,"width":32,"height":30,"confidence":0.85}},{"id":"block_003","region":{"x":20,"y":444,"width":184,"height":33,"confidence":0.85}},{"id":"block_004","region":{"x":28,"y":45,"width":250,"height":24,"confidence":0.85}},{"id":"block_005","region":{"x":113,"y":188,"width":265,"height":20,"confidence":0.85}},{"id":"block_006","region":{"x":239,"y":446,"width":279,"height":19,"confidence":0.85}},{"id":"block_007","region":{"x":245,"y":146,"width":68,"height":21,"confidence":0.85}},{"id":"block_008","region":{"x":339,"y":106,"width":457,"height":22,"confidence":0.85}},{"id":"block_009","region":{"x":358,"y":365,"width":256,"height":25,"confidence":0.85}},{"id":"block_010","region":{"x":394,"y":237,"width":198,"height":26,"confidence":0.85}},{"id":"block_011","region":{"x":597,"y":285,"width":143,"height":33,"confidence":0.85}},{"id":"block_012","region":{"x":707,"y":238,"width":33,"height":47,"confidence":0.85}},{"id":"block_013","region":{"x":816,"y":111,"width":48,"height":12,"confidence":0.85}}],"goalRegion":{"x":812,"y":65,"width":42,"height":63,"confidence":0.9}},"analysis":{"playability":"not_checked","profile":{"profileVersion":"unity-c1-default-1","maxJumpRisePixels":55,"maxJumpDistancePixels":146,"characterWidthPixels":32,"characterHeightPixels":52,"landingTolerancePixels":3},"startPlatformId":null,"goalPlatformId":null,"path":[],"warnings":[]},"artifacts":{"inputUrl":"https://scjjysd.xyz:8443/artifacts/level_e082137a5a3f/input.png","rectifiedImageUrl":"https://scjjysd.xyz:8443/artifacts/level_e082137a5a3f/rectified.png","overlayImageUrl":"https://scjjysd.xyz:8443/artifacts/level_e082137a5a3f/overlay.png","levelJsonUrl":"https://scjjysd.xyz:8443/artifacts/level_e082137a5a3f/level.json","analysisJsonUrl":"https://scjjysd.xyz:8443/artifacts/level_e082137a5a3f/analysis.json"}}}
]]></output>
              </test-case>
              <test-case id="1256" name="Build_FallingPlayerShowsFailurePanelAndFreezesPlayer" fullname="PaperGame.C1.Tests.C1GameBootstrapTests.Build_FallingPlayerShowsFailurePanelAndFreezesPlayer" methodname="Build_FallingPlayerShowsFailurePanelAndFreezesPlayer" classname="PaperGame.C1.Tests.C1GameBootstrapTests" runstate="Runnable" seed="2065261544" result="Passed" start-time="2026-09-16 07:20:22Z" end-time="2026-09-16 07:20:22Z" duration="0.025104" asserts="0">
                <properties />
                <output><![CDATA[[C1Level] Loaded Resources/C1Levels/level1.json
{"jobId":"level_e082137a5a3f","status":"ready","message":"解析完成，可以开始关卡。","statusUrl":"https://scjjysd.xyz:8443/v1/levels/level_e082137a5a3f","viewUrl":"https://scjjysd.xyz:8443/v1/levels/level_e082137a5a3f/view","schemaVersion":"1.0","algorithmVersion":"level-parser-1.0.0","createdAt":"2026-09-15T17:11:37Z","updatedAt":"2026-09-15T17:11:38Z","result":{"level":{"schemaVersion":"1.0","coordinateSystem":{"origin":"top_left","xAxis":"right","yAxis":"down","unit":"pixel"},"canvas":{"width":900,"height":560},"background":{"imageUrl":"https://scjjysd.xyz:8443/artifacts/level_e082137a5a3f/rectified.png","contentType":"image/png","width":900,"height":560,"sha256":"4ce6211dc4d67371c9beaee02c51ffa655ed95a23c38f8097daa7a53b56a64c2"},"playerStart":{"x":150,"y":184,"source":"detected","confidence":0.9},"platforms":[],"walls":[],"blocks":[{"id":"block_001","region":{"x":18,"y":315,"width":229,"height":30,"confidence":0.85}},{"id":"block_002","region":{"x":20,"y":414,"width":32,"height":30,"confidence":0.85}},{"id":"block_003","region":{"x":20,"y":444,"width":184,"height":33,"confidence":0.85}},{"id":"block_004","region":{"x":28,"y":45,"width":250,"height":24,"confidence":0.85}},{"id":"block_005","region":{"x":113,"y":188,"width":265,"height":20,"confidence":0.85}},{"id":"block_006","region":{"x":239,"y":446,"width":279,"height":19,"confidence":0.85}},{"id":"block_007","region":{"x":245,"y":146,"width":68,"height":21,"confidence":0.85}},{"id":"block_008","region":{"x":339,"y":106,"width":457,"height":22,"confidence":0.85}},{"id":"block_009","region":{"x":358,"y":365,"width":256,"height":25,"confidence":0.85}},{"id":"block_010","region":{"x":394,"y":237,"width":198,"height":26,"confidence":0.85}},{"id":"block_011","region":{"x":597,"y":285,"width":143,"height":33,"confidence":0.85}},{"id":"block_012","region":{"x":707,"y":238,"width":33,"height":47,"confidence":0.85}},{"id":"block_013","region":{"x":816,"y":111,"width":48,"height":12,"confidence":0.85}}],"goalRegion":{"x":812,"y":65,"width":42,"height":63,"confidence":0.9}},"analysis":{"playability":"not_checked","profile":{"profileVersion":"unity-c1-default-1","maxJumpRisePixels":55,"maxJumpDistancePixels":146,"characterWidthPixels":32,"characterHeightPixels":52,"landingTolerancePixels":3},"startPlatformId":null,"goalPlatformId":null,"path":[],"warnings":[]},"artifacts":{"inputUrl":"https://scjjysd.xyz:8443/artifacts/level_e082137a5a3f/input.png","rectifiedImageUrl":"https://scjjysd.xyz:8443/artifacts/level_e082137a5a3f/rectified.png","overlayImageUrl":"https://scjjysd.xyz:8443/artifacts/level_e082137a5a3f/overlay.png","levelJsonUrl":"https://scjjysd.xyz:8443/artifacts/level_e082137a5a3f/level.json","analysisJsonUrl":"https://scjjysd.xyz:8443/artifacts/level_e082137a5a3f/analysis.json"}}}
]]></output>
              </test-case>
              <test-case id="1241" name="Build_InvalidLevelCreatesNothing" fullname="PaperGame.C1.Tests.C1GameBootstrapTests.Build_InvalidLevelCreatesNothing" methodname="Build_InvalidLevelCreatesNothing" classname="PaperGame.C1.Tests.C1GameBootstrapTests" runstate="Runnable" seed="770317271" result="Passed" start-time="2026-09-16 07:20:22Z" end-time="2026-09-16 07:20:22Z" duration="0.000460" asserts="0">
                <properties />
                <output><![CDATA[C1 level is invalid: Level requires a background resource path.
]]></output>
              </test-case>
              <test-case id="1243" name="Build_MapsPixelLineAndGoalToSameBackgroundSpace" fullname="PaperGame.C1.Tests.C1GameBootstrapTests.Build_MapsPixelLineAndGoalToSameBackgroundSpace" methodname="Build_MapsPixelLineAndGoalToSameBackgroundSpace" classname="PaperGame.C1.Tests.C1GameBootstrapTests" runstate="Runnable" seed="540541622" result="Failed" start-time="2026-09-16 07:20:22Z" end-time="2026-09-16 07:20:22Z" duration="0.023804" asserts="0">
                <properties />
                <failure>
                  <message><![CDATA[  Expected: not null
  But was:  null
]]></message>
                  <stack-trace><![CDATA[at PaperGame.C1.Tests.C1GameBootstrapTests.Build_MapsPixelLineAndGoalToSameBackgroundSpace () [0x00064] in /Users/caizhenyu/Work/AI Work/PaperGame/PaperGame/Assets/Tests/EditMode/C1GameBootstrapTests.cs:185
]]></stack-trace>
                </failure>
                <output><![CDATA[[C1Level] Loaded Resources/C1Levels/level1.json
{"jobId":"level_e082137a5a3f","status":"ready","message":"解析完成，可以开始关卡。","statusUrl":"https://scjjysd.xyz:8443/v1/levels/level_e082137a5a3f","viewUrl":"https://scjjysd.xyz:8443/v1/levels/level_e082137a5a3f/view","schemaVersion":"1.0","algorithmVersion":"level-parser-1.0.0","createdAt":"2026-09-15T17:11:37Z","updatedAt":"2026-09-15T17:11:38Z","result":{"level":{"schemaVersion":"1.0","coordinateSystem":{"origin":"top_left","xAxis":"right","yAxis":"down","unit":"pixel"},"canvas":{"width":900,"height":560},"background":{"imageUrl":"https://scjjysd.xyz:8443/artifacts/level_e082137a5a3f/rectified.png","contentType":"image/png","width":900,"height":560,"sha256":"4ce6211dc4d67371c9beaee02c51ffa655ed95a23c38f8097daa7a53b56a64c2"},"playerStart":{"x":150,"y":184,"source":"detected","confidence":0.9},"platforms":[],"walls":[],"blocks":[{"id":"block_001","region":{"x":18,"y":315,"width":229,"height":30,"confidence":0.85}},{"id":"block_002","region":{"x":20,"y":414,"width":32,"height":30,"confidence":0.85}},{"id":"block_003","region":{"x":20,"y":444,"width":184,"height":33,"confidence":0.85}},{"id":"block_004","region":{"x":28,"y":45,"width":250,"height":24,"confidence":0.85}},{"id":"block_005","region":{"x":113,"y":188,"width":265,"height":20,"confidence":0.85}},{"id":"block_006","region":{"x":239,"y":446,"width":279,"height":19,"confidence":0.85}},{"id":"block_007","region":{"x":245,"y":146,"width":68,"height":21,"confidence":0.85}},{"id":"block_008","region":{"x":339,"y":106,"width":457,"height":22,"confidence":0.85}},{"id":"block_009","region":{"x":358,"y":365,"width":256,"height":25,"confidence":0.85}},{"id":"block_010","region":{"x":394,"y":237,"width":198,"height":26,"confidence":0.85}},{"id":"block_011","region":{"x":597,"y":285,"width":143,"height":33,"confidence":0.85}},{"id":"block_012","region":{"x":707,"y":238,"width":33,"height":47,"confidence":0.85}},{"id":"block_013","region":{"x":816,"y":111,"width":48,"height":12,"confidence":0.85}}],"goalRegion":{"x":812,"y":65,"width":42,"height":63,"confidence":0.9}},"analysis":{"playability":"not_checked","profile":{"profileVersion":"unity-c1-default-1","maxJumpRisePixels":55,"maxJumpDistancePixels":146,"characterWidthPixels":32,"characterHeightPixels":52,"landingTolerancePixels":3},"startPlatformId":null,"goalPlatformId":null,"path":[],"warnings":[]},"artifacts":{"inputUrl":"https://scjjysd.xyz:8443/artifacts/level_e082137a5a3f/input.png","rectifiedImageUrl":"https://scjjysd.xyz:8443/artifacts/level_e082137a5a3f/rectified.png","overlayImageUrl":"https://scjjysd.xyz:8443/artifacts/level_e082137a5a3f/overlay.png","levelJsonUrl":"https://scjjysd.xyz:8443/artifacts/level_e082137a5a3f/level.json","analysisJsonUrl":"https://scjjysd.xyz:8443/artifacts/level_e082137a5a3f/analysis.json"}}}
]]></output>
              </test-case>
              <test-case id="1246" name="Build_MockApiLevelCreatesGeometryAlignedToProvidedImage" fullname="PaperGame.C1.Tests.C1GameBootstrapTests.Build_MockApiLevelCreatesGeometryAlignedToProvidedImage" methodname="Build_MockApiLevelCreatesGeometryAlignedToProvidedImage" classname="PaperGame.C1.Tests.C1GameBootstrapTests" runstate="Runnable" seed="1883679901" result="Failed" start-time="2026-09-16 07:20:22Z" end-time="2026-09-16 07:20:22Z" duration="0.026380" asserts="0">
                <properties />
                <failure>
                  <message><![CDATA[  Expected: (2.23, 2.20)
  But was:  (2.23, 3.04)
]]></message>
                  <stack-trace><![CDATA[at PaperGame.C1.Tests.C1GameBootstrapTests.Build_MockApiLevelCreatesGeometryAlignedToProvidedImage () [0x0003f] in /Users/caizhenyu/Work/AI Work/PaperGame/PaperGame/Assets/Tests/EditMode/C1GameBootstrapTests.cs:225
]]></stack-trace>
                </failure>
                <output><![CDATA[[C1Level] Loaded Resources/C1Levels/level-api-mock.json
{
  "jobId": "level_6782be3607df",
  "schemaVersion": "1.0",
  "algorithmVersion": "level-parser-1.0.0",
  "createdAt": "2026-09-10T10:26:24Z",
  "updatedAt": "2026-09-10T10:26:25Z",
  "status": "needs_fix",
  "result": {
    "level": {
      "schemaVersion": "1.0",
      "coordinateSystem": { "origin": "top_left", "xAxis": "right", "yAxis": "down", "unit": "pixel" },
      "canvas": { "width": 900, "height": 560 },
      "background": {
        "imageUrl": "/artifacts/level_6782be3607df/rectified.png",
        "contentType": "image/png",
        "width": 900,
        "height": 560,
        "sha256": "b2e89c5eb74f1f2190c56af7159fc942f9e4da09d4c435754effb7a2c93c21cb"
      },
      "playerStart": { "x": 89, "y": 472, "source": "inferred", "confidence": 0.7411111111111112 },
      "platforms": [
        { "id": "platform_001", "start": { "x": 73, "y": 472 }, "end": { "x": 293, "y": 472 }, "confidence": 0.7411111111111112 },
        { "id": "platform_002", "start": { "x": 114, "y": 126 }, "end": { "x": 493, "y": 126 }, "confidence": 0.7852777777777779 },
        { "id": "platform_003", "start": { "x": 120, "y": 356 }, "end": { "x": 393, "y": 356 }, "confidence": 0.7558333493859013 },
        { "id": "platform_004", "start": { "x": 167, "y": 241 }, "end": { "x": 493, "y": 242 }, "confidence": 0.7705555555555557 }
      ],
      "goalRegion": { "x": 756, "y": 0, "width": 65, "height": 110, "confidence": 0.97 }
    },
    "analysis": {
      "playability": "unreachable",
      "warnings": [
        { "code": "GOAL_NOT_SUPPORTED", "message": "终点区域与平台无水平投影重叠" }
      ]
    }
  }
}

]]></output>
              </test-case>
              <test-case id="1239" name="Build_RebuildAndReturnHomeClearWallsAndBlocks" fullname="PaperGame.C1.Tests.C1GameBootstrapTests.Build_RebuildAndReturnHomeClearWallsAndBlocks" methodname="Build_RebuildAndReturnHomeClearWallsAndBlocks" classname="PaperGame.C1.Tests.C1GameBootstrapTests" runstate="Runnable" seed="1698269700" result="Failed" start-time="2026-09-16 07:20:22Z" end-time="2026-09-16 07:20:22Z" duration="0.056001" asserts="0">
                <properties />
                <failure>
                  <message><![CDATA[  Expected: null
  But was:  <empty>
]]></message>
                  <stack-trace><![CDATA[at PaperGame.C1.Tests.C1GameBootstrapTests.Build_RebuildAndReturnHomeClearWallsAndBlocks () [0x000f0] in /Users/caizhenyu/Work/AI Work/PaperGame/PaperGame/Assets/Tests/EditMode/C1GameBootstrapTests.cs:107
]]></stack-trace>
                </failure>
                <output><![CDATA[[C1Level] Loaded Resources/C1Levels/level1.json
{"jobId":"level_e082137a5a3f","status":"ready","message":"解析完成，可以开始关卡。","statusUrl":"https://scjjysd.xyz:8443/v1/levels/level_e082137a5a3f","viewUrl":"https://scjjysd.xyz:8443/v1/levels/level_e082137a5a3f/view","schemaVersion":"1.0","algorithmVersion":"level-parser-1.0.0","createdAt":"2026-09-15T17:11:37Z","updatedAt":"2026-09-15T17:11:38Z","result":{"level":{"schemaVersion":"1.0","coordinateSystem":{"origin":"top_left","xAxis":"right","yAxis":"down","unit":"pixel"},"canvas":{"width":900,"height":560},"background":{"imageUrl":"https://scjjysd.xyz:8443/artifacts/level_e082137a5a3f/rectified.png","contentType":"image/png","width":900,"height":560,"sha256":"4ce6211dc4d67371c9beaee02c51ffa655ed95a23c38f8097daa7a53b56a64c2"},"playerStart":{"x":150,"y":184,"source":"detected","confidence":0.9},"platforms":[],"walls":[],"blocks":[{"id":"block_001","region":{"x":18,"y":315,"width":229,"height":30,"confidence":0.85}},{"id":"block_002","region":{"x":20,"y":414,"width":32,"height":30,"confidence":0.85}},{"id":"block_003","region":{"x":20,"y":444,"width":184,"height":33,"confidence":0.85}},{"id":"block_004","region":{"x":28,"y":45,"width":250,"height":24,"confidence":0.85}},{"id":"block_005","region":{"x":113,"y":188,"width":265,"height":20,"confidence":0.85}},{"id":"block_006","region":{"x":239,"y":446,"width":279,"height":19,"confidence":0.85}},{"id":"block_007","region":{"x":245,"y":146,"width":68,"height":21,"confidence":0.85}},{"id":"block_008","region":{"x":339,"y":106,"width":457,"height":22,"confidence":0.85}},{"id":"block_009","region":{"x":358,"y":365,"width":256,"height":25,"confidence":0.85}},{"id":"block_010","region":{"x":394,"y":237,"width":198,"height":26,"confidence":0.85}},{"id":"block_011","region":{"x":597,"y":285,"width":143,"height":33,"confidence":0.85}},{"id":"block_012","region":{"x":707,"y":238,"width":33,"height":47,"confidence":0.85}},{"id":"block_013","region":{"x":816,"y":111,"width":48,"height":12,"confidence":0.85}}],"goalRegion":{"x":812,"y":65,"width":42,"height":63,"confidence":0.9}},"analysis":{"playability":"not_checked","profile":{"profileVersion":"unity-c1-default-1","maxJumpRisePixels":55,"maxJumpDistancePixels":146,"characterWidthPixels":32,"characterHeightPixels":52,"landingTolerancePixels":3},"startPlatformId":null,"goalPlatformId":null,"path":[],"warnings":[]},"artifacts":{"inputUrl":"https://scjjysd.xyz:8443/artifacts/level_e082137a5a3f/input.png","rectifiedImageUrl":"https://scjjysd.xyz:8443/artifacts/level_e082137a5a3f/rectified.png","overlayImageUrl":"https://scjjysd.xyz:8443/artifacts/level_e082137a5a3f/overlay.png","levelJsonUrl":"https://scjjysd.xyz:8443/artifacts/level_e082137a5a3f/level.json","analysisJsonUrl":"https://scjjysd.xyz:8443/artifacts/level_e082137a5a3f/analysis.json"}}}
[C1Level] Loaded Resources/C1Levels/level1.json
[...]
]]></output>
              </test-case>
              <test-case id="1331" name="Analyze_FaithfulSketchNeedsHigherJumpHeight" fullname="PaperGame.C1.Tests.C1ReachabilityTests.Analyze_FaithfulSketchNeedsHigherJumpHeight" methodname="Analyze_FaithfulSketchNeedsHigherJumpHeight" classname="PaperGame.C1.Tests.C1ReachabilityTests" runstate="Runnable" seed="1269301666" result="Failed" label="Error" start-time="2026-09-16 07:20:22Z" end-time="2026-09-16 07:20:22Z" duration="0.001466" asserts="0">
                <properties />
                <failure>
                  <message><![CDATA[System.IndexOutOfRangeException : Index was outside the bounds of the array.]]></message>
                  <stack-trace><![CDATA[  at PaperGame.C1.C1Reachability.Analyze (PaperGame.C1.C1LevelDefinition level, System.Single jumpHeight) [0x00043] in /Users/caizhenyu/Work/AI Work/PaperGame/PaperGame/Assets/Scripts/C1/C1Reachability.cs:36 
  at PaperGame.C1.Tests.C1ReachabilityTests.Analyze_FaithfulSketchNeedsHigherJumpHeight () [0x00001] in /Users/caizhenyu/Work/AI Work/PaperGame/PaperGame/Assets/Tests/EditMode/C1ReachabilityTests.cs:10 
  at (wrapper managed-to-native) System.Reflection.RuntimeMethodInfo.InternalInvoke(System.Reflection.RuntimeMethodInfo,object,object[],System.Exception&)
  at System.Reflection.RuntimeMethodInfo.Invoke (System.Object obj, System.Reflection.BindingFlags invokeAttr, System.Reflection.Binder binder, System.Object[] parameters, System.Globalization.CultureInfo culture) [0x0006a] in <cac1dea318b4499fb9eaf77618617c23>:0 ]]></stack-trace>
                </failure>
                <output><![CDATA[[C1Level] Loaded Resources/C1Levels/level1.json
{"jobId":"level_e082137a5a3f","status":"ready","message":"解析完成，可以开始关卡。","statusUrl":"https://scjjysd.xyz:8443/v1/levels/level_e082137a5a3f","viewUrl":"https://scjjysd.xyz:8443/v1/levels/level_e082137a5a3f/view","schemaVersion":"1.0","algorithmVersion":"level-parser-1.0.0","createdAt":"2026-09-15T17:11:37Z","updatedAt":"2026-09-15T17:11:38Z","result":{"level":{"schemaVersion":"1.0","coordinateSystem":{"origin":"top_left","xAxis":"right","yAxis":"down","unit":"pixel"},"canvas":{"width":900,"height":560},"background":{"imageUrl":"https://scjjysd.xyz:8443/artifacts/level_e082137a5a3f/rectified.png","contentType":"image/png","width":900,"height":560,"sha256":"4ce6211dc4d67371c9beaee02c51ffa655ed95a23c38f8097daa7a53b56a64c2"},"playerStart":{"x":150,"y":184,"source":"detected","confidence":0.9},"platforms":[],"walls":[],"blocks":[{"id":"block_001","region":{"x":18,"y":315,"width":229,"height":30,"confidence":0.85}},{"id":"block_002","region":{"x":20,"y":414,"width":32,"height":30,"confidence":0.85}},{"id":"block_003","region":{"x":20,"y":444,"width":184,"height":33,"confidence":0.85}},{"id":"block_004","region":{"x":28,"y":45,"width":250,"height":24,"confidence":0.85}},{"id":"block_005","region":{"x":113,"y":188,"width":265,"height":20,"confidence":0.85}},{"id":"block_006","region":{"x":239,"y":446,"width":279,"height":19,"confidence":0.85}},{"id":"block_007","region":{"x":245,"y":146,"width":68,"height":21,"confidence":0.85}},{"id":"block_008","region":{"x":339,"y":106,"width":457,"height":22,"confidence":0.85}},{"id":"block_009","region":{"x":358,"y":365,"width":256,"height":25,"confidence":0.85}},{"id":"block_010","region":{"x":394,"y":237,"width":198,"height":26,"confidence":0.85}},{"id":"block_011","region":{"x":597,"y":285,"width":143,"height":33,"confidence":0.85}},{"id":"block_012","region":{"x":707,"y":238,"width":33,"height":47,"confidence":0.85}},{"id":"block_013","region":{"x":816,"y":111,"width":48,"height":12,"confidence":0.85}}],"goalRegion":{"x":812,"y":65,"width":42,"height":63,"confidence":0.9}},"analysis":{"playability":"not_checked","profile":{"profileVersion":"unity-c1-default-1","maxJumpRisePixels":55,"maxJumpDistancePixels":146,"characterWidthPixels":32,"characterHeightPixels":52,"landingTolerancePixels":3},"startPlatformId":null,"goalPlatformId":null,"path":[],"warnings":[]},"artifacts":{"inputUrl":"https://scjjysd.xyz:8443/artifacts/level_e082137a5a3f/input.png","rectifiedImageUrl":"https://scjjysd.xyz:8443/artifacts/level_e082137a5a3f/rectified.png","overlayImageUrl":"https://scjjysd.xyz:8443/artifacts/level_e082137a5a3f/overlay.png","levelJsonUrl":"https://scjjysd.xyz:8443/artifacts/level_e082137a5a3f/level.json","analysisJsonUrl":"https://scjjysd.xyz:8443/artifacts/level_e082137a5a3f/analysis.json"}}}
]]></output>
              </test-case>
            </test-suite>
            <test-suite type="TestFixture" id="1333" name="C1UiFontTests" fullname="PaperGame.C1.Tests.C1UiFontTests" classname="PaperGame.C1.Tests.C1UiFontTests" runstate="Runnable" testcasecount="1" result="Passed" start-time="2026-09-16 07:20:22Z" end-time="2026-09-16 07:20:22Z" duration="0.001124" total="1" passed="1" failed="0" inconclusive="0" skipped="0" asserts="0">
              <properties />
              <test-case id="1334" name="Load_ChineseUiFontContainsCharacterCreationGlyphs" fullname="PaperGame.C1.Tests.C1UiFontTests.Load_ChineseUiFontContainsCharacterCreationGlyphs" methodname="Load_ChineseUiFontContainsCharacterCreationGlyphs" classname="PaperGame.C1.Tests.C1UiFontTests" runstate="Runnable" seed="1516709034" result="Passed" start-time="2026-09-16 07:20:22Z" end-time="2026-09-16 07:20:22Z" duration="0.000260" asserts="0">
                <properties />
              </test-case>
            </test-suite>
            <test-suite type="TestFixture" id="1335" name="C1WebGLTemplateTests" fullname="PaperGame.C1.Tests.C1WebGLTemplateTests" classname="PaperGame.C1.Tests.C1WebGLTemplateTests" runstate="Runnable" testcasecount="5" result="Passed" start-time="2026-09-16 07:20:22Z" end-time="2026-09-16 07:20:22Z" duration="0.007170" total="5" passed="5" failed="0" inconclusive="0" skipped="0" asserts="0">
              <properties />
              <test-case id="1337" name="MobileTemplate_KeepsUnityCanvasVisibleAndUsesOnlyCssForPortraitLayout" fullname="PaperGame.C1.Tests.C1WebGLTemplateTests.MobileTemplate_KeepsUnityCanvasVisibleAndUsesOnlyCssForPortraitLayout" methodname="MobileTemplate_KeepsUnityCanvasVisibleAndUsesOnlyCssForPortraitLayout" classname="PaperGame.C1.Tests.C1WebGLTemplateTests" runstate="Runnable" seed="935027560" result="Passed" start-time="2026-09-16 07:20:22Z" end-time="2026-09-16 07:20:22Z" duration="0.001066" asserts="0">
                <properties />
              </test-case>
              <test-case id="1336" name="MobileTemplate_UsesStaticViewportAndFullViewportCanvas" fullname="PaperGame.C1.Tests.C1WebGLTemplateTests.MobileTemplate_UsesStaticViewportAndFullViewportCanvas" methodname="MobileTemplate_UsesStaticViewportAndFullViewportCanvas" classname="PaperGame.C1.Tests.C1WebGLTemplateTests" runstate="Runnable" seed="1934524525" result="Passed" start-time="2026-09-16 07:20:22Z" end-time="2026-09-16 07:20:22Z" duration="0.000427" asserts="0">
                <properties />
              </test-case>
              <test-case id="1338" name="WebGLBuilder_SelectsPaperGameMobileTemplate" fullname="PaperGame.C1.Tests.C1WebGLTemplateTests.WebGLBuilder_SelectsPaperGameMobileTemplate" methodname="WebGLBuilder_SelectsPaperGameMobileTemplate" classname="PaperGame.C1.Tests.C1WebGLTemplateTests" runstate="Runnable" seed="1438597933" result="Passed" start-time="2026-09-16 07:20:22Z" end-time="2026-09-16 07:20:22Z" duration="0.000517" asserts="0">
                <properties />
              </test-case>
              <test-case id="1340" name="WebGLBuilder_UsesConfiguredOutputAndLogsAbsolutePath" fullname="PaperGame.C1.Tests.C1WebGLTemplateTests.WebGLBuilder_UsesConfiguredOutputAndLogsAbsolutePath" methodname="WebGLBuilder_UsesConfiguredOutputAndLogsAbsolutePath" classname="PaperGame.C1.Tests.C1WebGLTemplateTests" runstate="Runnable" seed="2064416269" result="Passed" start-time="2026-09-16 07:20:22Z" end-time="2026-09-16 07:20:22Z" duration="0.000411" asserts="0">
                <properties />
              </test-case>
              <test-case id="1339" name="WebGlSettingsProvider_RegistersProjectSettingsPage" fullname="PaperGame.C1.Tests.C1WebGLTemplateTests.WebGlSettingsProvider_RegistersProjectSettingsPage" methodname="WebGlSettingsProvider_RegistersProjectSettingsPage" classname="PaperGame.C1.Tests.C1WebGLTemplateTests" runstate="Runnable" seed="1424798370" result="Passed" start-time="2026-09-16 07:20:22Z" end-time="2026-09-16 07:20:22Z" duration="0.000364" asserts="0">
                <properties />
              </test-case>
            </test-suite>
            <test-suite type="TestFixture" id="1341" name="HomeBootstrapTests" fullname="PaperGame.C1.Tests.HomeBootstrapTests" classname="PaperGame.C1.Tests.HomeBootstrapTests" runstate="Runnable" testcasecount="4" result="Passed" start-time="2026-09-16 07:20:22Z" end-time="2026-09-16 07:20:23Z" duration="0.025373" total="4" passed="4" failed="0" inconclusive="0" skipped="0" asserts="0">
              <properties />
              <test-case id="1342" name="BuildHome_CreatesHomeWithoutCharacterScreen" fullname="PaperGame.C1.Tests.HomeBootstrapTests.BuildHome_CreatesHomeWithoutCharacterScreen" methodname="BuildHome_CreatesHomeWithoutCharacterScreen" classname="PaperGame.C1.Tests.HomeBootstrapTests" runstate="Runnable" seed="262396279" result="Passed" start-time="2026-09-16 07:20:22Z" end-time="2026-09-16 07:20:22Z" duration="0.014355" asserts="0">
                <properties />
              </test-case>
              <test-case id="1343" name="BuildHome_Uses1920By1080AsTheReferenceResolution" fullname="PaperGame.C1.Tests.HomeBootstrapTests.BuildHome_Uses1920By1080AsTheReferenceResolution" methodname="BuildHome_Uses1920By1080AsTheReferenceResolution" classname="PaperGame.C1.Tests.HomeBootstrapTests" runstate="Runnable" seed="1499873885" result="Passed" start-time="2026-09-16 07:20:22Z" end-time="2026-09-16 07:20:22Z" duration="0.001163" asserts="0">
                <properties />
              </test-case>
              <test-case id="1345" name="ReturnHome_DestroysCharacterScreenAndRestoresHome" fullname="PaperGame.C1.Tests.HomeBootstrapTests.ReturnHome_DestroysCharacterScreenAndRestoresHome" methodname="ReturnHome_DestroysCharacterScreenAndRestoresHome" classname="PaperGame.C1.Tests.HomeBootstrapTests" runstate="Runnable" seed="1287650919" result="Passed" start-time="2026-09-16 07:20:22Z" end-time="2026-09-16 07:20:22Z" duration="0.004597" asserts="0">
                <properties />
                <output><![CDATA[[RefreshList] Starting, list=valid, browsingId=default-chick, cache entries=0
[RefreshList] priorityId=default-chick, total characters=2
[AddRow] id=default-chick, title=披风小鸡, sprite=chick-thumbnail, enabled=True
[AddRow] id=default, title=独眼小绿, sprite=green-thumbnail, enabled=True
[RefreshList] Done, created 2 rows
]]></output>
              </test-case>
              <test-case id="1344" name="ShowCharacterCreation_HidesHomeAndCreatesScreenOnDemand" fullname="PaperGame.C1.Tests.HomeBootstrapTests.ShowCharacterCreation_HidesHomeAndCreatesScreenOnDemand" methodname="ShowCharacterCreation_HidesHomeAndCreatesScreenOnDemand" classname="PaperGame.C1.Tests.HomeBootstrapTests" runstate="Runnable" seed="119618640" result="Passed" start-time="2026-09-16 07:20:22Z" end-time="2026-09-16 07:20:23Z" duration="0.004037" asserts="0">
                <properties />
                <output><![CDATA[[RefreshList] Starting, list=valid, browsingId=default-chick, cache entries=0
[RefreshList] priorityId=default-chick, total characters=2
[AddRow] id=default-chick, title=披风小鸡, sprite=chick-thumbnail, enabled=True
[AddRow] id=default, title=独眼小绿, sprite=green-thumbnail, enabled=True
[RefreshList] Done, created 2 rows
]]></output>
              </test-case>
            </test-suite>
            <test-suite type="TestFixture" id="1346" name="PaperGameHomePrefabTests" fullname="PaperGame.C1.Tests.PaperGameHomePrefabTests" classname="PaperGame.C1.Tests.PaperGameHomePrefabTests" runstate="Runnable" testcasecount="1" result="Failed" site="Child" start-time="2026-09-16 07:20:23Z" end-time="2026-09-16 07:20:23Z" duration="0.001293" total="1" passed="0" failed="1" inconclusive="0" skipped="0" asserts="0">
              <properties />
              <failure>
                <message><![CDATA[One or more child tests had errors]]></message>
              </failure>
              <test-case id="1347" name="GenerateHomePrefab_CreatesIndependentOverlayImages" fullname="PaperGame.C1.Tests.PaperGameHomePrefabTests.GenerateHomePrefab_CreatesIndependentOverlayImages" methodname="GenerateHomePrefab_CreatesIndependentOverlayImages" classname="PaperGame.C1.Tests.PaperGameHomePrefabTests" runstate="Runnable" seed="927750573" result="Failed" label="Error" start-time="2026-09-16 07:20:23Z" end-time="2026-09-16 07:20:23Z" duration="0.000610" asserts="0">
                <properties />
                <failure>
                  <message><![CDATA[System.NullReferenceException : Object reference not set to an instance of an object]]></message>
                  <stack-trace><![CDATA[  at PaperGame.C1.Tests.PaperGameHomePrefabTests.GenerateHomePrefab_CreatesIndependentOverlayImages () [0x0001d] in /Users/caizhenyu/Work/AI Work/PaperGame/PaperGame/Assets/Tests/EditMode/PaperGameHomePrefabTests.cs:16 
  at (wrapper managed-to-native) System.Reflection.RuntimeMethodInfo.InternalInvoke(System.Reflection.RuntimeMethodInfo,object,object[],System.Exception&)
  at System.Reflection.RuntimeMethodInfo.Invoke (System.Object obj, System.Reflection.BindingFlags invokeAttr, System.Reflection.Binder binder, System.Object[] parameters, System.Globalization.CultureInfo culture) [0x0006a] in <cac1dea318b4499fb9eaf77618617c23>:0 ]]></stack-trace>
                </failure>
              </test-case>
            </test-suite>
            <test-suite type="TestFixture" id="1348" name="PaperGameUiFlowTests" fullname="PaperGame.C1.Tests.PaperGameUiFlowTests" classname="PaperGame.C1.Tests.PaperGameUiFlowTests" runstate="Runnable" testcasecount="4" result="Passed" start-time="2026-09-16 07:20:23Z" end-time="2026-09-16 07:20:23Z" duration="0.003523" total="4" passed="4" failed="0" inconclusive="0" skipped="0" asserts="0">
              <properties />
              <test-case id="1351" name="CompleteTutorial_RecordsPreferenceAndChangesToPlaying" fullname="PaperGame.C1.Tests.PaperGameUiFlowTests.CompleteTutorial_RecordsPreferenceAndChangesToPlaying" methodname="CompleteTutorial_RecordsPreferenceAndChangesToPlaying" classname="PaperGame.C1.Tests.PaperGameUiFlowTests" runstate="Runnable" seed="1729820680" result="Passed" start-time="2026-09-16 07:20:23Z" end-time="2026-09-16 07:20:23Z" duration="0.000341" asserts="0">
                <properties />
              </test-case>
              <test-case id="1352" name="ShowCompleted_ChangesToCompleted" fullname="PaperGame.C1.Tests.PaperGameUiFlowTests.ShowCompleted_ChangesToCompleted" methodname="ShowCompleted_ChangesToCompleted" classname="PaperGame.C1.Tests.PaperGameUiFlowTests" runstate="Runnable" seed="1395430269" result="Passed" start-time="2026-09-16 07:20:23Z" end-time="2026-09-16 07:20:23Z" duration="0.000105" asserts="0">
                <properties />
              </test-case>
              <test-case id="1349" name="StartPlay_WhenTutorialIsUnseen_ChangesToTutorial" fullname="PaperGame.C1.Tests.PaperGameUiFlowTests.StartPlay_WhenTutorialIsUnseen_ChangesToTutorial" methodname="StartPlay_WhenTutorialIsUnseen_ChangesToTutorial" classname="PaperGame.C1.Tests.PaperGameUiFlowTests" runstate="Runnable" seed="1852566811" result="Passed" start-time="2026-09-16 07:20:23Z" end-time="2026-09-16 07:20:23Z" duration="0.000101" asserts="0">
                <properties />
              </test-case>
              <test-case id="1350" name="StartPlay_WithSelectedLevel_RequestsGameSceneAndRemembersLevel" fullname="PaperGame.C1.Tests.PaperGameUiFlowTests.StartPlay_WithSelectedLevel_RequestsGameSceneAndRemembersLevel" methodname="StartPlay_WithSelectedLevel_RequestsGameSceneAndRemembersLevel" classname="PaperGame.C1.Tests.PaperGameUiFlowTests" runstate="Runnable" seed="1257630061" result="Passed" start-time="2026-09-16 07:20:23Z" end-time="2026-09-16 07:20:23Z" duration="0.000155" asserts="0">
                <properties />
              </test-case>
            </test-suite>
            <test-suite type="TestFixture" id="1353" name="SceneSetupTests" fullname="PaperGame.C1.Tests.SceneSetupTests" classname="PaperGame.C1.Tests.SceneSetupTests" runstate="Runnable" testcasecount="3" result="Passed" start-time="2026-09-16 07:20:23Z" end-time="2026-09-16 07:20:23Z" duration="0.035038" total="3" passed="3" failed="0" inconclusive="0" skipped="0" asserts="0">
              <properties />
              <test-case id="1354" name="BuildSettings_RegistersHomeThenGame" fullname="PaperGame.C1.Tests.SceneSetupTests.BuildSettings_RegistersHomeThenGame" methodname="BuildSettings_RegistersHomeThenGame" classname="PaperGame.C1.Tests.SceneSetupTests" runstate="Runnable" seed="335098436" result="Passed" start-time="2026-09-16 07:20:23Z" end-time="2026-09-16 07:20:23Z" duration="0.000842" asserts="0">
                <properties />
              </test-case>
              <test-suite type="ParameterizedMethod" id="1357" name="Scene_HasExpectedBootstrap" fullname="PaperGame.C1.Tests.SceneSetupTests.Scene_HasExpectedBootstrap" classname="PaperGame.C1.Tests.SceneSetupTests" runstate="Runnable" testcasecount="2" result="Passed" start-time="2026-09-16 07:20:23Z" end-time="2026-09-16 07:20:23Z" duration="0.030956" total="2" passed="2" failed="0" inconclusive="0" skipped="0" asserts="0">
                <properties />
                <test-case id="1355" name="Scene_HasExpectedBootstrap(&quot;Assets/Scenes/Home.unity&quot;,PaperGame.C1.HomeBootstrap)" fullname="PaperGame.C1.Tests.SceneSetupTests.Scene_HasExpectedBootstrap(&quot;Assets/Scenes/Home.unity&quot;,PaperGame.C1.HomeBootstrap)" methodname="Scene_HasExpectedBootstrap" classname="PaperGame.C1.Tests.SceneSetupTests" runstate="Runnable" seed="574311934" result="Passed" start-time="2026-09-16 07:20:23Z" end-time="2026-09-16 07:20:23Z" duration="0.017709" asserts="0">
                  <properties />
                </test-case>
                <test-case id="1356" name="Scene_HasExpectedBootstrap(&quot;Assets/Scenes/Game.unity&quot;,PaperGame.C1.C1GameBootstrap)" fullname="PaperGame.C1.Tests.SceneSetupTests.Scene_HasExpectedBootstrap(&quot;Assets/Scenes/Game.unity&quot;,PaperGame.C1.C1GameBootstrap)" methodname="Scene_HasExpectedBootstrap" classname="PaperGame.C1.Tests.SceneSetupTests" runstate="Runnable" seed="764480943" result="Passed" start-time="2026-09-16 07:20:23Z" end-time="2026-09-16 07:20:23Z" duration="0.010352" asserts="0">
                  <properties />
                </test-case>
              </test-suite>
            </test-suite>
          </test-suite>
        </test-suite>
      </test-suite>
    </test-suite>
  </test-suite>
</test-run>